{"meta": {"format": 3, "version": "7.8.0", "timestamp": "2025-07-11T21:23:33.185979", "branch_coverage": false, "show_contexts": false}, "files": {"algorithms/__init__.py": {"executed_lines": [1, 38, 41, 42, 43, 44, 45, 46, 47, 48, 49, 50, 51, 52, 53, 54, 55, 56, 57, 58, 61, 83, 84, 87, 99, 100, 101, 102, 103, 107], "summary": {"covered_lines": 29, "num_statements": 29, "percent_covered": 100.0, "percent_covered_display": "100", "missing_lines": 0, "excluded_lines": 0}, "missing_lines": [], "excluded_lines": [], "functions": {"get_algorithm": {"executed_lines": [99, 100, 101, 102, 103], "summary": {"covered_lines": 5, "num_statements": 5, "percent_covered": 100.0, "percent_covered_display": "100", "missing_lines": 0, "excluded_lines": 0}, "missing_lines": [], "excluded_lines": []}, "": {"executed_lines": [1, 38, 41, 42, 43, 44, 45, 46, 47, 48, 49, 50, 51, 52, 53, 54, 55, 56, 57, 58, 61, 83, 84, 87, 107], "summary": {"covered_lines": 24, "num_statements": 24, "percent_covered": 100.0, "percent_covered_display": "100", "missing_lines": 0, "excluded_lines": 0}, "missing_lines": [], "excluded_lines": []}}, "classes": {"": {"executed_lines": [1, 38, 41, 42, 43, 44, 45, 46, 47, 48, 49, 50, 51, 52, 53, 54, 55, 56, 57, 58, 61, 83, 84, 87, 99, 100, 101, 102, 103, 107], "summary": {"covered_lines": 29, "num_statements": 29, "percent_covered": 100.0, "percent_covered_display": "100", "missing_lines": 0, "excluded_lines": 0}, "missing_lines": [], "excluded_lines": []}}}, "algorithms/aha.py": {"executed_lines": [1, 7, 8, 9, 10, 11, 14, 15, 29, 30, 31, 32, 33, 34, 35, 37, 39, 41, 43, 45, 47, 49, 51, 65, 72, 75, 77, 78, 80, 82, 83, 84, 85, 86, 88, 90, 91, 94, 97, 98, 99, 102, 104, 106, 107, 108, 110, 115, 116, 117, 118, 119, 122, 123, 124, 127, 130, 132, 133, 134, 135, 136, 139, 140, 141, 143, 153, 155, 156, 157, 158, 161, 162, 163, 164, 165, 166, 169, 170, 190, 191, 192, 193, 194, 195, 197, 199, 200, 202, 204, 205, 207, 208, 209, 210, 211, 212, 214, 215, 217, 219, 221, 223, 224, 226, 228, 229, 230, 233, 234, 236, 237, 240, 242, 243, 245], "summary": {"covered_lines": 113, "num_statements": 115, "percent_covered": 98.26086956521739, "percent_covered_display": "98", "missing_lines": 2, "excluded_lines": 1}, "missing_lines": [40, 225], "excluded_lines": [63], "functions": {"Hummingbird.__init__": {"executed_lines": [30, 31, 32, 33, 34, 35], "summary": {"covered_lines": 6, "num_statements": 6, "percent_covered": 100.0, "percent_covered_display": "100", "missing_lines": 0, "excluded_lines": 0}, "missing_lines": [], "excluded_lines": []}, "Hummingbird.fitness": {"executed_lines": [39, 41], "summary": {"covered_lines": 2, "num_statements": 3, "percent_covered": 66.66666666666667, "percent_covered_display": "67", "missing_lines": 1, "excluded_lines": 0}, "missing_lines": [40], "excluded_lines": []}, "Hummingbird.is_better_than": {"executed_lines": [45], "summary": {"covered_lines": 1, "num_statements": 1, "percent_covered": 100.0, "percent_covered_display": "100", "missing_lines": 0, "excluded_lines": 0}, "missing_lines": [], "excluded_lines": []}, "Hummingbird.is_feasible": {"executed_lines": [49], "summary": {"covered_lines": 1, "num_statements": 1, "percent_covered": 100.0, "percent_covered_display": "100", "missing_lines": 0, "excluded_lines": 0}, "missing_lines": [], "excluded_lines": []}, "Hummingbird.move": {"executed_lines": [], "summary": {"covered_lines": 0, "num_statements": 0, "percent_covered": 100.0, "percent_covered_display": "100", "missing_lines": 0, "excluded_lines": 1}, "missing_lines": [], "excluded_lines": [63]}, "Hummingbird.aha_move": {"executed_lines": [72, 75, 77, 78, 80, 82, 83, 84, 85, 86, 88, 90, 91, 94, 97, 98, 99, 102, 104, 106, 107, 108, 110, 115, 116, 117, 118, 119, 122, 123, 124, 127, 130, 132, 133, 134, 135, 136, 139, 140, 141], "summary": {"covered_lines": 41, "num_statements": 41, "percent_covered": 100.0, "percent_covered_display": "100", "missing_lines": 0, "excluded_lines": 0}, "missing_lines": [], "excluded_lines": []}, "Hummingbird.copy": {"executed_lines": [153, 155, 156, 157, 158, 161, 162, 163, 164, 165, 166], "summary": {"covered_lines": 11, "num_statements": 11, "percent_covered": 100.0, "percent_covered_display": "100", "missing_lines": 0, "excluded_lines": 0}, "missing_lines": [], "excluded_lines": []}, "AHA.__init__": {"executed_lines": [191, 192, 193, 194, 195], "summary": {"covered_lines": 5, "num_statements": 5, "percent_covered": 100.0, "percent_covered_display": "100", "missing_lines": 0, "excluded_lines": 0}, "missing_lines": [], "excluded_lines": []}, "AHA.initialize_population": {"executed_lines": [199, 200, 202, 204, 205, 207, 208, 209, 210, 211, 212, 214, 215, 217, 219], "summary": {"covered_lines": 15, "num_statements": 15, "percent_covered": 100.0, "percent_covered_display": "100", "missing_lines": 0, "excluded_lines": 0}, "missing_lines": [], "excluded_lines": []}, "AHA.update_population": {"executed_lines": [223, 224, 226, 228, 229, 230, 233, 234, 236, 237, 240, 242, 243, 245], "summary": {"covered_lines": 14, "num_statements": 15, "percent_covered": 93.33333333333333, "percent_covered_display": "93", "missing_lines": 1, "excluded_lines": 0}, "missing_lines": [225], "excluded_lines": []}, "": {"executed_lines": [1, 7, 8, 9, 10, 11, 14, 15, 29, 37, 43, 47, 51, 65, 143, 169, 170, 190, 197, 221], "summary": {"covered_lines": 17, "num_statements": 17, "percent_covered": 100.0, "percent_covered_display": "100", "missing_lines": 0, "excluded_lines": 0}, "missing_lines": [], "excluded_lines": []}}, "classes": {"Hummingbird": {"executed_lines": [30, 31, 32, 33, 34, 35, 39, 41, 45, 49, 72, 75, 77, 78, 80, 82, 83, 84, 85, 86, 88, 90, 91, 94, 97, 98, 99, 102, 104, 106, 107, 108, 110, 115, 116, 117, 118, 119, 122, 123, 124, 127, 130, 132, 133, 134, 135, 136, 139, 140, 141, 153, 155, 156, 157, 158, 161, 162, 163, 164, 165, 166], "summary": {"covered_lines": 62, "num_statements": 63, "percent_covered": 98.41269841269842, "percent_covered_display": "98", "missing_lines": 1, "excluded_lines": 1}, "missing_lines": [40], "excluded_lines": [63]}, "AHA": {"executed_lines": [191, 192, 193, 194, 195, 199, 200, 202, 204, 205, 207, 208, 209, 210, 211, 212, 214, 215, 217, 219, 223, 224, 226, 228, 229, 230, 233, 234, 236, 237, 240, 242, 243, 245], "summary": {"covered_lines": 34, "num_statements": 35, "percent_covered": 97.14285714285714, "percent_covered_display": "97", "missing_lines": 1, "excluded_lines": 0}, "missing_lines": [225], "excluded_lines": []}, "": {"executed_lines": [1, 7, 8, 9, 10, 11, 14, 15, 29, 37, 43, 47, 51, 65, 143, 169, 170, 190, 197, 221], "summary": {"covered_lines": 17, "num_statements": 17, "percent_covered": 100.0, "percent_covered_display": "100", "missing_lines": 0, "excluded_lines": 0}, "missing_lines": [], "excluded_lines": []}}}, "algorithms/apo.py": {"executed_lines": [1, 31, 32, 33, 34, 37, 38, 52, 53, 54, 56, 57, 58, 59, 61, 69, 70, 71, 73, 75, 79, 94, 95, 96, 99, 100, 101, 104, 105, 107, 112, 113, 114, 115, 119, 121, 122, 123, 124, 126, 127, 128, 129, 133, 138, 141, 144, 145, 146, 150, 156, 159, 162, 165, 166, 168, 174, 175, 176, 179, 180, 195, 196, 198, 202, 203, 205, 207, 208, 209, 210, 211, 212, 213, 214, 216, 218, 219, 220, 221, 222, 223, 224, 225, 226, 227], "summary": {"covered_lines": 83, "num_statements": 83, "percent_covered": 100.0, "percent_covered_display": "100", "missing_lines": 0, "excluded_lines": 0}, "missing_lines": [], "excluded_lines": [], "functions": {"Protozoa.__init__": {"executed_lines": [53, 54, 56, 57, 58, 59], "summary": {"covered_lines": 6, "num_statements": 6, "percent_covered": 100.0, "percent_covered_display": "100", "missing_lines": 0, "excluded_lines": 0}, "missing_lines": [], "excluded_lines": []}, "Protozoa.fitness": {"executed_lines": [69, 70, 71], "summary": {"covered_lines": 3, "num_statements": 3, "percent_covered": 100.0, "percent_covered_display": "100", "missing_lines": 0, "excluded_lines": 0}, "missing_lines": [], "excluded_lines": []}, "Protozoa.is_feasible": {"executed_lines": [75], "summary": {"covered_lines": 1, "num_statements": 1, "percent_covered": 100.0, "percent_covered_display": "100", "missing_lines": 0, "excluded_lines": 0}, "missing_lines": [], "excluded_lines": []}, "Protozoa.move": {"executed_lines": [94, 95, 96, 99, 100, 101, 104, 105, 107, 112, 113, 114, 115, 119, 121, 122, 123, 124, 126, 127, 128, 129, 133, 138, 141, 144, 145, 146, 150, 156, 159, 162, 165, 166], "summary": {"covered_lines": 34, "num_statements": 34, "percent_covered": 100.0, "percent_covered_display": "100", "missing_lines": 0, "excluded_lines": 0}, "missing_lines": [], "excluded_lines": []}, "Protozoa.copy": {"executed_lines": [174, 175, 176], "summary": {"covered_lines": 3, "num_statements": 3, "percent_covered": 100.0, "percent_covered_display": "100", "missing_lines": 0, "excluded_lines": 0}, "missing_lines": [], "excluded_lines": []}, "APO.__init__": {"executed_lines": [196], "summary": {"covered_lines": 1, "num_statements": 1, "percent_covered": 100.0, "percent_covered_display": "100", "missing_lines": 0, "excluded_lines": 0}, "missing_lines": [], "excluded_lines": []}, "APO.initialize_population": {"executed_lines": [202, 203, 205, 207, 208, 209, 210, 211, 212, 213, 214], "summary": {"covered_lines": 11, "num_statements": 11, "percent_covered": 100.0, "percent_covered_display": "100", "missing_lines": 0, "excluded_lines": 0}, "missing_lines": [], "excluded_lines": []}, "APO.update_population": {"executed_lines": [218, 219, 220, 221, 222, 223, 224, 225, 226, 227], "summary": {"covered_lines": 10, "num_statements": 10, "percent_covered": 100.0, "percent_covered_display": "100", "missing_lines": 0, "excluded_lines": 0}, "missing_lines": [], "excluded_lines": []}, "": {"executed_lines": [1, 31, 32, 33, 34, 37, 38, 52, 61, 73, 79, 168, 179, 180, 195, 198, 216], "summary": {"covered_lines": 14, "num_statements": 14, "percent_covered": 100.0, "percent_covered_display": "100", "missing_lines": 0, "excluded_lines": 0}, "missing_lines": [], "excluded_lines": []}}, "classes": {"Protozoa": {"executed_lines": [53, 54, 56, 57, 58, 59, 69, 70, 71, 75, 94, 95, 96, 99, 100, 101, 104, 105, 107, 112, 113, 114, 115, 119, 121, 122, 123, 124, 126, 127, 128, 129, 133, 138, 141, 144, 145, 146, 150, 156, 159, 162, 165, 166, 174, 175, 176], "summary": {"covered_lines": 47, "num_statements": 47, "percent_covered": 100.0, "percent_covered_display": "100", "missing_lines": 0, "excluded_lines": 0}, "missing_lines": [], "excluded_lines": []}, "APO": {"executed_lines": [196, 202, 203, 205, 207, 208, 209, 210, 211, 212, 213, 214, 218, 219, 220, 221, 222, 223, 224, 225, 226, 227], "summary": {"covered_lines": 22, "num_statements": 22, "percent_covered": 100.0, "percent_covered_display": "100", "missing_lines": 0, "excluded_lines": 0}, "missing_lines": [], "excluded_lines": []}, "": {"executed_lines": [1, 31, 32, 33, 34, 37, 38, 52, 61, 73, 79, 168, 179, 180, 195, 198, 216], "summary": {"covered_lines": 14, "num_statements": 14, "percent_covered": 100.0, "percent_covered_display": "100", "missing_lines": 0, "excluded_lines": 0}, "missing_lines": [], "excluded_lines": []}}}, "algorithms/base.py": {"executed_lines": [1, 2, 3, 4, 5, 8, 9, 11, 22, 24, 25, 29, 30, 40, 41, 46, 47, 49, 66, 67, 70, 71, 74, 77, 78, 79, 80, 81, 82, 83, 84, 85, 88, 89, 90, 92, 93, 97, 98, 102, 104, 105, 106, 107, 108, 110, 111, 113, 117, 119, 121, 132, 145, 146, 147, 149, 156], "summary": {"covered_lines": 55, "num_statements": 58, "percent_covered": 94.82758620689656, "percent_covered_display": "95", "missing_lines": 3, "excluded_lines": 5}, "missing_lines": [75, 115, 125], "excluded_lines": [27, 38, 43, 95, 100], "functions": {"Individual.is_better_than": {"executed_lines": [22], "summary": {"covered_lines": 1, "num_statements": 1, "percent_covered": 100.0, "percent_covered_display": "100", "missing_lines": 0, "excluded_lines": 0}, "missing_lines": [], "excluded_lines": []}, "Individual.is_feasible": {"executed_lines": [], "summary": {"covered_lines": 0, "num_statements": 0, "percent_covered": 100.0, "percent_covered_display": "100", "missing_lines": 0, "excluded_lines": 1}, "missing_lines": [], "excluded_lines": [27]}, "Individual.move": {"executed_lines": [], "summary": {"covered_lines": 0, "num_statements": 0, "percent_covered": 100.0, "percent_covered_display": "100", "missing_lines": 0, "excluded_lines": 1}, "missing_lines": [], "excluded_lines": [38]}, "Individual.copy": {"executed_lines": [], "summary": {"covered_lines": 0, "num_statements": 0, "percent_covered": 100.0, "percent_covered_display": "100", "missing_lines": 0, "excluded_lines": 1}, "missing_lines": [], "excluded_lines": [43]}, "MetaheuristicAlgorithm.__init__": {"executed_lines": [66, 67, 70, 71, 74, 77, 78, 79, 80, 81, 82, 83, 84, 85, 88, 89, 90], "summary": {"covered_lines": 17, "num_statements": 18, "percent_covered": 94.44444444444444, "percent_covered_display": "94", "missing_lines": 1, "excluded_lines": 0}, "missing_lines": [75], "excluded_lines": []}, "MetaheuristicAlgorithm.initialize_population": {"executed_lines": [], "summary": {"covered_lines": 0, "num_statements": 0, "percent_covered": 100.0, "percent_covered_display": "100", "missing_lines": 0, "excluded_lines": 1}, "missing_lines": [], "excluded_lines": [95]}, "MetaheuristicAlgorithm.update_population": {"executed_lines": [], "summary": {"covered_lines": 0, "num_statements": 0, "percent_covered": 100.0, "percent_covered_display": "100", "missing_lines": 0, "excluded_lines": 1}, "missing_lines": [], "excluded_lines": [100]}, "MetaheuristicAlgorithm.execute": {"executed_lines": [104, 105, 106, 107, 108, 110, 111], "summary": {"covered_lines": 7, "num_statements": 7, "percent_covered": 100.0, "percent_covered_display": "100", "missing_lines": 0, "excluded_lines": 0}, "missing_lines": [], "excluded_lines": []}, "MetaheuristicAlgorithm.get_execution_time": {"executed_lines": [], "summary": {"covered_lines": 0, "num_statements": 1, "percent_covered": 0.0, "percent_covered_display": "0", "missing_lines": 1, "excluded_lines": 0}, "missing_lines": [115], "excluded_lines": []}, "MetaheuristicAlgorithm.get_convergence_curve": {"executed_lines": [119], "summary": {"covered_lines": 1, "num_statements": 1, "percent_covered": 100.0, "percent_covered_display": "100", "missing_lines": 0, "excluded_lines": 0}, "missing_lines": [], "excluded_lines": []}, "MetaheuristicAlgorithm.summary": {"executed_lines": [], "summary": {"covered_lines": 0, "num_statements": 1, "percent_covered": 0.0, "percent_covered_display": "0", "missing_lines": 1, "excluded_lines": 0}, "missing_lines": [125], "excluded_lines": []}, "MetaheuristicAlgorithm.run": {"executed_lines": [145, 146, 147], "summary": {"covered_lines": 3, "num_statements": 3, "percent_covered": 100.0, "percent_covered_display": "100", "missing_lines": 0, "excluded_lines": 0}, "missing_lines": [], "excluded_lines": []}, "MetaheuristicAlgorithm.get_best_solution": {"executed_lines": [156], "summary": {"covered_lines": 1, "num_statements": 1, "percent_covered": 100.0, "percent_covered_display": "100", "missing_lines": 0, "excluded_lines": 0}, "missing_lines": [], "excluded_lines": []}, "": {"executed_lines": [1, 2, 3, 4, 5, 8, 9, 11, 24, 25, 29, 30, 40, 41, 46, 47, 49, 92, 93, 97, 98, 102, 113, 117, 121, 132, 149], "summary": {"covered_lines": 25, "num_statements": 25, "percent_covered": 100.0, "percent_covered_display": "100", "missing_lines": 0, "excluded_lines": 0}, "missing_lines": [], "excluded_lines": []}}, "classes": {"Individual": {"executed_lines": [22], "summary": {"covered_lines": 1, "num_statements": 1, "percent_covered": 100.0, "percent_covered_display": "100", "missing_lines": 0, "excluded_lines": 3}, "missing_lines": [], "excluded_lines": [27, 38, 43]}, "MetaheuristicAlgorithm": {"executed_lines": [66, 67, 70, 71, 74, 77, 78, 79, 80, 81, 82, 83, 84, 85, 88, 89, 90, 104, 105, 106, 107, 108, 110, 111, 119, 145, 146, 147, 156], "summary": {"covered_lines": 29, "num_statements": 32, "percent_covered": 90.625, "percent_covered_display": "91", "missing_lines": 3, "excluded_lines": 2}, "missing_lines": [75, 115, 125], "excluded_lines": [95, 100]}, "": {"executed_lines": [1, 2, 3, 4, 5, 8, 9, 11, 24, 25, 29, 30, 40, 41, 46, 47, 49, 92, 93, 97, 98, 102, 113, 117, 121, 132, 149], "summary": {"covered_lines": 25, "num_statements": 25, "percent_covered": 100.0, "percent_covered_display": "100", "missing_lines": 0, "excluded_lines": 0}, "missing_lines": [], "excluded_lines": []}}}, "algorithms/egto.py": {"executed_lines": [1, 36, 37, 38, 39, 42, 43, 45, 52, 53, 55, 56, 57, 58, 60, 62, 63, 64, 66, 68, 72, 76, 77, 78, 79, 80, 82, 84, 85, 86, 87, 89, 91, 92, 93, 94, 98, 99, 100, 101, 102, 103, 104, 109, 110, 112, 113, 116, 117, 119, 121, 122, 123, 126, 127, 129, 139, 141, 145, 146, 148, 150, 152, 153, 154, 157, 160, 161, 164, 166, 168, 171, 173, 175, 177, 180, 183, 184, 187], "summary": {"covered_lines": 76, "num_statements": 76, "percent_covered": 100.0, "percent_covered_display": "100", "missing_lines": 0, "excluded_lines": 0}, "missing_lines": [], "excluded_lines": [], "functions": {"EnhancedGorilla.__init__": {"executed_lines": [52, 53, 55, 56, 57, 58], "summary": {"covered_lines": 6, "num_statements": 6, "percent_covered": 100.0, "percent_covered_display": "100", "missing_lines": 0, "excluded_lines": 0}, "missing_lines": [], "excluded_lines": []}, "EnhancedGorilla.fitness": {"executed_lines": [62, 63, 64], "summary": {"covered_lines": 3, "num_statements": 3, "percent_covered": 100.0, "percent_covered_display": "100", "missing_lines": 0, "excluded_lines": 0}, "missing_lines": [], "excluded_lines": []}, "EnhancedGorilla.is_feasible": {"executed_lines": [68], "summary": {"covered_lines": 1, "num_statements": 1, "percent_covered": 100.0, "percent_covered_display": "100", "missing_lines": 0, "excluded_lines": 0}, "missing_lines": [], "excluded_lines": []}, "EnhancedGorilla.move": {"executed_lines": [76, 77, 78, 79, 80, 82, 84, 85, 86, 87, 89, 91, 92, 93, 94, 98, 99, 100, 101, 102, 103, 104, 109, 110, 112, 113, 116, 117], "summary": {"covered_lines": 28, "num_statements": 28, "percent_covered": 100.0, "percent_covered_display": "100", "missing_lines": 0, "excluded_lines": 0}, "missing_lines": [], "excluded_lines": []}, "EnhancedGorilla.copy": {"executed_lines": [121, 122, 123], "summary": {"covered_lines": 3, "num_statements": 3, "percent_covered": 100.0, "percent_covered_display": "100", "missing_lines": 0, "excluded_lines": 0}, "missing_lines": [], "excluded_lines": []}, "EGTO.__init__": {"executed_lines": [139], "summary": {"covered_lines": 1, "num_statements": 1, "percent_covered": 100.0, "percent_covered_display": "100", "missing_lines": 0, "excluded_lines": 0}, "missing_lines": [], "excluded_lines": []}, "EGTO.initialize_population": {"executed_lines": [145, 146, 148, 150, 152, 153, 154, 157, 160, 161, 164], "summary": {"covered_lines": 11, "num_statements": 11, "percent_covered": 100.0, "percent_covered_display": "100", "missing_lines": 0, "excluded_lines": 0}, "missing_lines": [], "excluded_lines": []}, "EGTO.update_population": {"executed_lines": [168, 171, 173, 175, 177, 180, 183, 184, 187], "summary": {"covered_lines": 9, "num_statements": 9, "percent_covered": 100.0, "percent_covered_display": "100", "missing_lines": 0, "excluded_lines": 0}, "missing_lines": [], "excluded_lines": []}, "": {"executed_lines": [1, 36, 37, 38, 39, 42, 43, 45, 60, 66, 72, 119, 126, 127, 129, 141, 166], "summary": {"covered_lines": 14, "num_statements": 14, "percent_covered": 100.0, "percent_covered_display": "100", "missing_lines": 0, "excluded_lines": 0}, "missing_lines": [], "excluded_lines": []}}, "classes": {"EnhancedGorilla": {"executed_lines": [52, 53, 55, 56, 57, 58, 62, 63, 64, 68, 76, 77, 78, 79, 80, 82, 84, 85, 86, 87, 89, 91, 92, 93, 94, 98, 99, 100, 101, 102, 103, 104, 109, 110, 112, 113, 116, 117, 121, 122, 123], "summary": {"covered_lines": 41, "num_statements": 41, "percent_covered": 100.0, "percent_covered_display": "100", "missing_lines": 0, "excluded_lines": 0}, "missing_lines": [], "excluded_lines": []}, "EGTO": {"executed_lines": [139, 145, 146, 148, 150, 152, 153, 154, 157, 160, 161, 164, 168, 171, 173, 175, 177, 180, 183, 184, 187], "summary": {"covered_lines": 21, "num_statements": 21, "percent_covered": 100.0, "percent_covered_display": "100", "missing_lines": 0, "excluded_lines": 0}, "missing_lines": [], "excluded_lines": []}, "": {"executed_lines": [1, 36, 37, 38, 39, 42, 43, 45, 60, 66, 72, 119, 126, 127, 129, 141, 166], "summary": {"covered_lines": 14, "num_statements": 14, "percent_covered": 100.0, "percent_covered_display": "100", "missing_lines": 0, "excluded_lines": 0}, "missing_lines": [], "excluded_lines": []}}}, "algorithms/ewa.py": {"executed_lines": [1, 33, 34, 35, 36, 39, 40, 42, 49, 50, 51, 52, 54, 56, 57, 58, 60, 62, 66, 77, 78, 81, 84, 85, 86, 87, 88, 89, 91, 92, 93, 96, 97, 100, 101, 102, 105, 106, 108, 115, 116, 119, 120, 122, 132, 133, 134, 135, 137, 141, 142, 144, 146, 147, 148, 149, 152, 153, 154, 155, 158, 160, 162, 164, 166, 167, 172, 173, 174, 175, 178], "summary": {"covered_lines": 68, "num_statements": 68, "percent_covered": 100.0, "percent_covered_display": "100", "missing_lines": 0, "excluded_lines": 0}, "missing_lines": [], "excluded_lines": [], "functions": {"Earthworm.__init__": {"executed_lines": [49, 50, 51, 52], "summary": {"covered_lines": 4, "num_statements": 4, "percent_covered": 100.0, "percent_covered_display": "100", "missing_lines": 0, "excluded_lines": 0}, "missing_lines": [], "excluded_lines": []}, "Earthworm.fitness": {"executed_lines": [56, 57, 58], "summary": {"covered_lines": 3, "num_statements": 3, "percent_covered": 100.0, "percent_covered_display": "100", "missing_lines": 0, "excluded_lines": 0}, "missing_lines": [], "excluded_lines": []}, "Earthworm.is_feasible": {"executed_lines": [62], "summary": {"covered_lines": 1, "num_statements": 1, "percent_covered": 100.0, "percent_covered_display": "100", "missing_lines": 0, "excluded_lines": 0}, "missing_lines": [], "excluded_lines": []}, "Earthworm.move": {"executed_lines": [77, 78, 81, 84, 85, 86, 87, 88, 89, 91, 92, 93, 96, 97, 100, 101, 102, 105, 106], "summary": {"covered_lines": 19, "num_statements": 19, "percent_covered": 100.0, "percent_covered_display": "100", "missing_lines": 0, "excluded_lines": 0}, "missing_lines": [], "excluded_lines": []}, "Earthworm.copy": {"executed_lines": [115, 116], "summary": {"covered_lines": 2, "num_statements": 2, "percent_covered": 100.0, "percent_covered_display": "100", "missing_lines": 0, "excluded_lines": 0}, "missing_lines": [], "excluded_lines": []}, "EWA.__init__": {"executed_lines": [132, 133, 134, 135], "summary": {"covered_lines": 4, "num_statements": 4, "percent_covered": 100.0, "percent_covered_display": "100", "missing_lines": 0, "excluded_lines": 0}, "missing_lines": [], "excluded_lines": []}, "EWA.initialize_population": {"executed_lines": [141, 142, 144, 146, 147, 148, 149, 152, 153, 154, 155, 158], "summary": {"covered_lines": 12, "num_statements": 12, "percent_covered": 100.0, "percent_covered_display": "100", "missing_lines": 0, "excluded_lines": 0}, "missing_lines": [], "excluded_lines": []}, "EWA.update_population": {"executed_lines": [162, 164, 166, 167, 172, 173, 174, 175, 178], "summary": {"covered_lines": 9, "num_statements": 9, "percent_covered": 100.0, "percent_covered_display": "100", "missing_lines": 0, "excluded_lines": 0}, "missing_lines": [], "excluded_lines": []}, "": {"executed_lines": [1, 33, 34, 35, 36, 39, 40, 42, 54, 60, 66, 108, 119, 120, 122, 137, 160], "summary": {"covered_lines": 14, "num_statements": 14, "percent_covered": 100.0, "percent_covered_display": "100", "missing_lines": 0, "excluded_lines": 0}, "missing_lines": [], "excluded_lines": []}}, "classes": {"Earthworm": {"executed_lines": [49, 50, 51, 52, 56, 57, 58, 62, 77, 78, 81, 84, 85, 86, 87, 88, 89, 91, 92, 93, 96, 97, 100, 101, 102, 105, 106, 115, 116], "summary": {"covered_lines": 29, "num_statements": 29, "percent_covered": 100.0, "percent_covered_display": "100", "missing_lines": 0, "excluded_lines": 0}, "missing_lines": [], "excluded_lines": []}, "EWA": {"executed_lines": [132, 133, 134, 135, 141, 142, 144, 146, 147, 148, 149, 152, 153, 154, 155, 158, 162, 164, 166, 167, 172, 173, 174, 175, 178], "summary": {"covered_lines": 25, "num_statements": 25, "percent_covered": 100.0, "percent_covered_display": "100", "missing_lines": 0, "excluded_lines": 0}, "missing_lines": [], "excluded_lines": []}, "": {"executed_lines": [1, 33, 34, 35, 36, 39, 40, 42, 54, 60, 66, 108, 119, 120, 122, 137, 160], "summary": {"covered_lines": 14, "num_statements": 14, "percent_covered": 100.0, "percent_covered_display": "100", "missing_lines": 0, "excluded_lines": 0}, "missing_lines": [], "excluded_lines": []}}}, "algorithms/fgo.py": {"executed_lines": [1, 31, 32, 33, 34, 37, 38, 40, 47, 48, 49, 50, 51, 52, 54, 56, 57, 60, 61, 62, 64, 66, 68, 72, 82, 83, 84, 86, 87, 88, 90, 91, 92, 93, 94, 95, 98, 99, 100, 101, 103, 105, 106, 107, 110, 113, 116, 117, 118, 119, 121, 123, 124, 125, 126, 127, 130, 131, 133, 143, 145, 149, 150, 152, 154, 156, 157, 158, 161, 164, 165, 168, 170, 172, 174, 175, 176, 179, 181, 184, 185, 190, 191, 196, 197, 202, 205, 206, 209], "summary": {"covered_lines": 86, "num_statements": 86, "percent_covered": 100.0, "percent_covered_display": "100", "missing_lines": 0, "excluded_lines": 0}, "missing_lines": [], "excluded_lines": [], "functions": {"Flamingo.__init__": {"executed_lines": [47, 48, 49, 50, 51, 52], "summary": {"covered_lines": 6, "num_statements": 6, "percent_covered": 100.0, "percent_covered_display": "100", "missing_lines": 0, "excluded_lines": 0}, "missing_lines": [], "excluded_lines": []}, "Flamingo.fitness": {"executed_lines": [56, 57, 60, 61, 62, 64], "summary": {"covered_lines": 6, "num_statements": 6, "percent_covered": 100.0, "percent_covered_display": "100", "missing_lines": 0, "excluded_lines": 0}, "missing_lines": [], "excluded_lines": []}, "Flamingo.is_feasible": {"executed_lines": [68], "summary": {"covered_lines": 1, "num_statements": 1, "percent_covered": 100.0, "percent_covered_display": "100", "missing_lines": 0, "excluded_lines": 0}, "missing_lines": [], "excluded_lines": []}, "Flamingo.move": {"executed_lines": [82, 83, 84, 86, 87, 88, 90, 91, 92, 93, 94, 95, 98, 99, 100, 101, 103, 105, 106, 107, 110, 113, 116, 117, 118, 119], "summary": {"covered_lines": 26, "num_statements": 26, "percent_covered": 100.0, "percent_covered_display": "100", "missing_lines": 0, "excluded_lines": 0}, "missing_lines": [], "excluded_lines": []}, "Flamingo.copy": {"executed_lines": [123, 124, 125, 126, 127], "summary": {"covered_lines": 5, "num_statements": 5, "percent_covered": 100.0, "percent_covered_display": "100", "missing_lines": 0, "excluded_lines": 0}, "missing_lines": [], "excluded_lines": []}, "FGO.__init__": {"executed_lines": [143], "summary": {"covered_lines": 1, "num_statements": 1, "percent_covered": 100.0, "percent_covered_display": "100", "missing_lines": 0, "excluded_lines": 0}, "missing_lines": [], "excluded_lines": []}, "FGO.initialize_population": {"executed_lines": [149, 150, 152, 154, 156, 157, 158, 161, 164, 165, 168], "summary": {"covered_lines": 11, "num_statements": 11, "percent_covered": 100.0, "percent_covered_display": "100", "missing_lines": 0, "excluded_lines": 0}, "missing_lines": [], "excluded_lines": []}, "FGO.update_population": {"executed_lines": [172, 174, 175, 176, 179, 181, 184, 185, 190, 191, 196, 197, 202, 205, 206, 209], "summary": {"covered_lines": 16, "num_statements": 16, "percent_covered": 100.0, "percent_covered_display": "100", "missing_lines": 0, "excluded_lines": 0}, "missing_lines": [], "excluded_lines": []}, "": {"executed_lines": [1, 31, 32, 33, 34, 37, 38, 40, 54, 66, 72, 121, 130, 131, 133, 145, 170], "summary": {"covered_lines": 14, "num_statements": 14, "percent_covered": 100.0, "percent_covered_display": "100", "missing_lines": 0, "excluded_lines": 0}, "missing_lines": [], "excluded_lines": []}}, "classes": {"Flamingo": {"executed_lines": [47, 48, 49, 50, 51, 52, 56, 57, 60, 61, 62, 64, 68, 82, 83, 84, 86, 87, 88, 90, 91, 92, 93, 94, 95, 98, 99, 100, 101, 103, 105, 106, 107, 110, 113, 116, 117, 118, 119, 123, 124, 125, 126, 127], "summary": {"covered_lines": 44, "num_statements": 44, "percent_covered": 100.0, "percent_covered_display": "100", "missing_lines": 0, "excluded_lines": 0}, "missing_lines": [], "excluded_lines": []}, "FGO": {"executed_lines": [143, 149, 150, 152, 154, 156, 157, 158, 161, 164, 165, 168, 172, 174, 175, 176, 179, 181, 184, 185, 190, 191, 196, 197, 202, 205, 206, 209], "summary": {"covered_lines": 28, "num_statements": 28, "percent_covered": 100.0, "percent_covered_display": "100", "missing_lines": 0, "excluded_lines": 0}, "missing_lines": [], "excluded_lines": []}, "": {"executed_lines": [1, 31, 32, 33, 34, 37, 38, 40, 54, 66, 72, 121, 130, 131, 133, 145, 170], "summary": {"covered_lines": 14, "num_statements": 14, "percent_covered": 100.0, "percent_covered_display": "100", "missing_lines": 0, "excluded_lines": 0}, "missing_lines": [], "excluded_lines": []}}}, "algorithms/foa.py": {"executed_lines": [1, 33, 34, 35, 36, 39, 40, 54, 55, 56, 58, 59, 60, 61, 63, 71, 72, 73, 75, 77, 81, 83, 84, 86, 97, 98, 101, 102, 103, 106, 107, 109, 110, 111, 113, 114, 115, 118, 121, 122, 123, 124, 127, 128, 129, 130, 133, 134, 147, 148, 150, 151, 154, 155, 157, 159, 160, 161, 162, 164, 165, 166, 167, 168, 169, 170, 171], "summary": {"covered_lines": 64, "num_statements": 64, "percent_covered": 100.0, "percent_covered_display": "100", "missing_lines": 0, "excluded_lines": 0}, "missing_lines": [], "excluded_lines": [], "functions": {"Fossa.__init__": {"executed_lines": [55, 56, 58, 59, 60, 61], "summary": {"covered_lines": 6, "num_statements": 6, "percent_covered": 100.0, "percent_covered_display": "100", "missing_lines": 0, "excluded_lines": 0}, "missing_lines": [], "excluded_lines": []}, "Fossa.fitness": {"executed_lines": [71, 72, 73], "summary": {"covered_lines": 3, "num_statements": 3, "percent_covered": 100.0, "percent_covered_display": "100", "missing_lines": 0, "excluded_lines": 0}, "missing_lines": [], "excluded_lines": []}, "Fossa.is_feasible": {"executed_lines": [77], "summary": {"covered_lines": 1, "num_statements": 1, "percent_covered": 100.0, "percent_covered_display": "100", "missing_lines": 0, "excluded_lines": 0}, "missing_lines": [], "excluded_lines": []}, "Fossa.copy": {"executed_lines": [83, 84], "summary": {"covered_lines": 2, "num_statements": 2, "percent_covered": 100.0, "percent_covered_display": "100", "missing_lines": 0, "excluded_lines": 0}, "missing_lines": [], "excluded_lines": []}, "Fossa.move": {"executed_lines": [97, 98, 101, 102, 103, 106, 107, 109, 110, 111, 113, 114, 115, 118, 121, 122, 123, 124, 127, 128, 129, 130], "summary": {"covered_lines": 22, "num_statements": 22, "percent_covered": 100.0, "percent_covered_display": "100", "missing_lines": 0, "excluded_lines": 0}, "missing_lines": [], "excluded_lines": []}, "FOA.__init__": {"executed_lines": [148], "summary": {"covered_lines": 1, "num_statements": 1, "percent_covered": 100.0, "percent_covered_display": "100", "missing_lines": 0, "excluded_lines": 0}, "missing_lines": [], "excluded_lines": []}, "FOA.initialize_population": {"executed_lines": [151, 154, 155, 157, 159, 160, 161, 162], "summary": {"covered_lines": 8, "num_statements": 8, "percent_covered": 100.0, "percent_covered_display": "100", "missing_lines": 0, "excluded_lines": 0}, "missing_lines": [], "excluded_lines": []}, "FOA.update_population": {"executed_lines": [165, 166, 167, 168, 169, 170, 171], "summary": {"covered_lines": 7, "num_statements": 7, "percent_covered": 100.0, "percent_covered_display": "100", "missing_lines": 0, "excluded_lines": 0}, "missing_lines": [], "excluded_lines": []}, "": {"executed_lines": [1, 33, 34, 35, 36, 39, 40, 54, 63, 75, 81, 86, 133, 134, 147, 150, 164], "summary": {"covered_lines": 14, "num_statements": 14, "percent_covered": 100.0, "percent_covered_display": "100", "missing_lines": 0, "excluded_lines": 0}, "missing_lines": [], "excluded_lines": []}}, "classes": {"Fossa": {"executed_lines": [55, 56, 58, 59, 60, 61, 71, 72, 73, 77, 83, 84, 97, 98, 101, 102, 103, 106, 107, 109, 110, 111, 113, 114, 115, 118, 121, 122, 123, 124, 127, 128, 129, 130], "summary": {"covered_lines": 34, "num_statements": 34, "percent_covered": 100.0, "percent_covered_display": "100", "missing_lines": 0, "excluded_lines": 0}, "missing_lines": [], "excluded_lines": []}, "FOA": {"executed_lines": [148, 151, 154, 155, 157, 159, 160, 161, 162, 165, 166, 167, 168, 169, 170, 171], "summary": {"covered_lines": 16, "num_statements": 16, "percent_covered": 100.0, "percent_covered_display": "100", "missing_lines": 0, "excluded_lines": 0}, "missing_lines": [], "excluded_lines": []}, "": {"executed_lines": [1, 33, 34, 35, 36, 39, 40, 54, 63, 75, 81, 86, 133, 134, 147, 150, 164], "summary": {"covered_lines": 14, "num_statements": 14, "percent_covered": 100.0, "percent_covered_display": "100", "missing_lines": 0, "excluded_lines": 0}, "missing_lines": [], "excluded_lines": []}}}, "algorithms/fsa.py": {"executed_lines": [1, 31, 32, 33, 34, 37, 38, 40, 47, 48, 49, 50, 51, 52, 54, 56, 57, 60, 61, 62, 64, 66, 68, 72, 82, 83, 84, 86, 87, 88, 90, 91, 92, 93, 94, 95, 98, 99, 100, 101, 103, 105, 106, 107, 110, 113, 116, 117, 118, 119, 121, 123, 124, 125, 126, 127, 130, 131, 133, 143, 145, 149, 150, 152, 154, 156, 157, 158, 161, 164, 165, 168, 170, 172, 174, 175, 176, 179, 181, 184, 185, 190, 191, 196, 197, 202, 205, 206, 209, 213], "summary": {"covered_lines": 87, "num_statements": 87, "percent_covered": 100.0, "percent_covered_display": "100", "missing_lines": 0, "excluded_lines": 0}, "missing_lines": [], "excluded_lines": [], "functions": {"Flamingo.__init__": {"executed_lines": [47, 48, 49, 50, 51, 52], "summary": {"covered_lines": 6, "num_statements": 6, "percent_covered": 100.0, "percent_covered_display": "100", "missing_lines": 0, "excluded_lines": 0}, "missing_lines": [], "excluded_lines": []}, "Flamingo.fitness": {"executed_lines": [56, 57, 60, 61, 62, 64], "summary": {"covered_lines": 6, "num_statements": 6, "percent_covered": 100.0, "percent_covered_display": "100", "missing_lines": 0, "excluded_lines": 0}, "missing_lines": [], "excluded_lines": []}, "Flamingo.is_feasible": {"executed_lines": [68], "summary": {"covered_lines": 1, "num_statements": 1, "percent_covered": 100.0, "percent_covered_display": "100", "missing_lines": 0, "excluded_lines": 0}, "missing_lines": [], "excluded_lines": []}, "Flamingo.move": {"executed_lines": [82, 83, 84, 86, 87, 88, 90, 91, 92, 93, 94, 95, 98, 99, 100, 101, 103, 105, 106, 107, 110, 113, 116, 117, 118, 119], "summary": {"covered_lines": 26, "num_statements": 26, "percent_covered": 100.0, "percent_covered_display": "100", "missing_lines": 0, "excluded_lines": 0}, "missing_lines": [], "excluded_lines": []}, "Flamingo.copy": {"executed_lines": [123, 124, 125, 126, 127], "summary": {"covered_lines": 5, "num_statements": 5, "percent_covered": 100.0, "percent_covered_display": "100", "missing_lines": 0, "excluded_lines": 0}, "missing_lines": [], "excluded_lines": []}, "FSA.__init__": {"executed_lines": [143], "summary": {"covered_lines": 1, "num_statements": 1, "percent_covered": 100.0, "percent_covered_display": "100", "missing_lines": 0, "excluded_lines": 0}, "missing_lines": [], "excluded_lines": []}, "FSA.initialize_population": {"executed_lines": [149, 150, 152, 154, 156, 157, 158, 161, 164, 165, 168], "summary": {"covered_lines": 11, "num_statements": 11, "percent_covered": 100.0, "percent_covered_display": "100", "missing_lines": 0, "excluded_lines": 0}, "missing_lines": [], "excluded_lines": []}, "FSA.update_population": {"executed_lines": [172, 174, 175, 176, 179, 181, 184, 185, 190, 191, 196, 197, 202, 205, 206, 209], "summary": {"covered_lines": 16, "num_statements": 16, "percent_covered": 100.0, "percent_covered_display": "100", "missing_lines": 0, "excluded_lines": 0}, "missing_lines": [], "excluded_lines": []}, "": {"executed_lines": [1, 31, 32, 33, 34, 37, 38, 40, 54, 66, 72, 121, 130, 131, 133, 145, 170, 213], "summary": {"covered_lines": 15, "num_statements": 15, "percent_covered": 100.0, "percent_covered_display": "100", "missing_lines": 0, "excluded_lines": 0}, "missing_lines": [], "excluded_lines": []}}, "classes": {"Flamingo": {"executed_lines": [47, 48, 49, 50, 51, 52, 56, 57, 60, 61, 62, 64, 68, 82, 83, 84, 86, 87, 88, 90, 91, 92, 93, 94, 95, 98, 99, 100, 101, 103, 105, 106, 107, 110, 113, 116, 117, 118, 119, 123, 124, 125, 126, 127], "summary": {"covered_lines": 44, "num_statements": 44, "percent_covered": 100.0, "percent_covered_display": "100", "missing_lines": 0, "excluded_lines": 0}, "missing_lines": [], "excluded_lines": []}, "FSA": {"executed_lines": [143, 149, 150, 152, 154, 156, 157, 158, 161, 164, 165, 168, 172, 174, 175, 176, 179, 181, 184, 185, 190, 191, 196, 197, 202, 205, 206, 209], "summary": {"covered_lines": 28, "num_statements": 28, "percent_covered": 100.0, "percent_covered_display": "100", "missing_lines": 0, "excluded_lines": 0}, "missing_lines": [], "excluded_lines": []}, "": {"executed_lines": [1, 31, 32, 33, 34, 37, 38, 40, 54, 66, 72, 121, 130, 131, 133, 145, 170, 213], "summary": {"covered_lines": 15, "num_statements": 15, "percent_covered": 100.0, "percent_covered_display": "100", "missing_lines": 0, "excluded_lines": 0}, "missing_lines": [], "excluded_lines": []}}}, "algorithms/gto.py": {"executed_lines": [1, 33, 34, 35, 36, 39, 40, 42, 49, 50, 51, 52, 54, 55, 57, 59, 60, 61, 63, 65, 69, 89, 91, 93, 94, 97, 99, 100, 103, 104, 107, 110, 111, 113, 114, 117, 118, 123, 124, 130, 131, 133, 140, 141, 144, 145, 147, 157, 158, 159, 162, 163, 164, 165, 167, 171, 172, 174, 176, 177, 178, 179, 182, 183, 184, 185, 188, 190, 192, 193, 194, 195, 196, 199, 204, 206, 208, 221, 223, 224, 225, 228, 229, 230, 238, 241, 244, 245, 246, 247, 250], "summary": {"covered_lines": 88, "num_statements": 88, "percent_covered": 100.0, "percent_covered_display": "100", "missing_lines": 0, "excluded_lines": 0}, "missing_lines": [], "excluded_lines": [], "functions": {"Gorilla.__init__": {"executed_lines": [49, 50, 51, 52, 54, 55], "summary": {"covered_lines": 6, "num_statements": 6, "percent_covered": 100.0, "percent_covered_display": "100", "missing_lines": 0, "excluded_lines": 0}, "missing_lines": [], "excluded_lines": []}, "Gorilla.fitness": {"executed_lines": [59, 60, 61], "summary": {"covered_lines": 3, "num_statements": 3, "percent_covered": 100.0, "percent_covered_display": "100", "missing_lines": 0, "excluded_lines": 0}, "missing_lines": [], "excluded_lines": []}, "Gorilla.is_feasible": {"executed_lines": [65], "summary": {"covered_lines": 1, "num_statements": 1, "percent_covered": 100.0, "percent_covered_display": "100", "missing_lines": 0, "excluded_lines": 0}, "missing_lines": [], "excluded_lines": []}, "Gorilla.move": {"executed_lines": [89, 91, 93, 94, 97, 99, 100, 103, 104, 107, 110, 111, 113, 114, 117, 118, 123, 124, 130, 131], "summary": {"covered_lines": 20, "num_statements": 20, "percent_covered": 100.0, "percent_covered_display": "100", "missing_lines": 0, "excluded_lines": 0}, "missing_lines": [], "excluded_lines": []}, "Gorilla.copy": {"executed_lines": [140, 141], "summary": {"covered_lines": 2, "num_statements": 2, "percent_covered": 100.0, "percent_covered_display": "100", "missing_lines": 0, "excluded_lines": 0}, "missing_lines": [], "excluded_lines": []}, "GTO.__init__": {"executed_lines": [157, 158, 159, 162, 163, 164, 165], "summary": {"covered_lines": 7, "num_statements": 7, "percent_covered": 100.0, "percent_covered_display": "100", "missing_lines": 0, "excluded_lines": 0}, "missing_lines": [], "excluded_lines": []}, "GTO.initialize_population": {"executed_lines": [171, 172, 174, 176, 177, 178, 179, 182, 183, 184, 185, 188], "summary": {"covered_lines": 12, "num_statements": 12, "percent_covered": 100.0, "percent_covered_display": "100", "missing_lines": 0, "excluded_lines": 0}, "missing_lines": [], "excluded_lines": []}, "GTO.update_population": {"executed_lines": [192, 193, 194, 195, 196, 199, 204, 206, 208, 221, 223, 224, 225, 228, 229, 230, 238, 241, 244, 245, 246, 247, 250], "summary": {"covered_lines": 23, "num_statements": 23, "percent_covered": 100.0, "percent_covered_display": "100", "missing_lines": 0, "excluded_lines": 0}, "missing_lines": [], "excluded_lines": []}, "": {"executed_lines": [1, 33, 34, 35, 36, 39, 40, 42, 57, 63, 69, 133, 144, 145, 147, 167, 190], "summary": {"covered_lines": 14, "num_statements": 14, "percent_covered": 100.0, "percent_covered_display": "100", "missing_lines": 0, "excluded_lines": 0}, "missing_lines": [], "excluded_lines": []}}, "classes": {"Gorilla": {"executed_lines": [49, 50, 51, 52, 54, 55, 59, 60, 61, 65, 89, 91, 93, 94, 97, 99, 100, 103, 104, 107, 110, 111, 113, 114, 117, 118, 123, 124, 130, 131, 140, 141], "summary": {"covered_lines": 32, "num_statements": 32, "percent_covered": 100.0, "percent_covered_display": "100", "missing_lines": 0, "excluded_lines": 0}, "missing_lines": [], "excluded_lines": []}, "GTO": {"executed_lines": [157, 158, 159, 162, 163, 164, 165, 171, 172, 174, 176, 177, 178, 179, 182, 183, 184, 185, 188, 192, 193, 194, 195, 196, 199, 204, 206, 208, 221, 223, 224, 225, 228, 229, 230, 238, 241, 244, 245, 246, 247, 250], "summary": {"covered_lines": 42, "num_statements": 42, "percent_covered": 100.0, "percent_covered_display": "100", "missing_lines": 0, "excluded_lines": 0}, "missing_lines": [], "excluded_lines": []}, "": {"executed_lines": [1, 33, 34, 35, 36, 39, 40, 42, 57, 63, 69, 133, 144, 145, 147, 167, 190], "summary": {"covered_lines": 14, "num_statements": 14, "percent_covered": 100.0, "percent_covered_display": "100", "missing_lines": 0, "excluded_lines": 0}, "missing_lines": [], "excluded_lines": []}}}, "algorithms/gvoa.py": {"executed_lines": [1, 7, 8, 9, 10, 13, 14, 28, 35, 36, 38, 39, 41, 42, 44, 46, 47, 48, 50, 52, 54, 56, 57, 58, 59, 60, 61, 63, 84, 86, 87, 90, 92, 95, 101, 108, 110, 116, 119, 120, 122, 123, 128, 132, 135, 136, 138, 143, 148, 151, 152, 153, 155, 156, 157, 158, 161, 165, 166, 169, 170, 172, 182, 184, 185, 187, 190, 191, 192, 193, 194, 195, 196, 197, 198, 199, 200, 202, 205, 206, 209, 212, 213, 216, 219, 221, 223, 228, 235, 245, 246, 248, 249], "summary": {"covered_lines": 90, "num_statements": 90, "percent_covered": 100.0, "percent_covered_display": "100", "missing_lines": 0, "excluded_lines": 0}, "missing_lines": [], "excluded_lines": [], "functions": {"Vulture.__init__": {"executed_lines": [35, 36, 38, 39, 41, 42], "summary": {"covered_lines": 6, "num_statements": 6, "percent_covered": 100.0, "percent_covered_display": "100", "missing_lines": 0, "excluded_lines": 0}, "missing_lines": [], "excluded_lines": []}, "Vulture.fitness": {"executed_lines": [46, 47, 48], "summary": {"covered_lines": 3, "num_statements": 3, "percent_covered": 100.0, "percent_covered_display": "100", "missing_lines": 0, "excluded_lines": 0}, "missing_lines": [], "excluded_lines": []}, "Vulture.is_feasible": {"executed_lines": [52], "summary": {"covered_lines": 1, "num_statements": 1, "percent_covered": 100.0, "percent_covered_display": "100", "missing_lines": 0, "excluded_lines": 0}, "missing_lines": [], "excluded_lines": []}, "Vulture.copy": {"executed_lines": [56, 57, 58, 59, 60, 61], "summary": {"covered_lines": 6, "num_statements": 6, "percent_covered": 100.0, "percent_covered_display": "100", "missing_lines": 0, "excluded_lines": 0}, "missing_lines": [], "excluded_lines": []}, "Vulture.move": {"executed_lines": [84, 86, 87, 90, 92, 95, 101, 108, 110, 116, 119, 120, 122, 123, 128, 132, 135, 136, 138, 143, 148, 151, 152, 153, 155, 156, 157, 158, 161, 165, 166], "summary": {"covered_lines": 31, "num_statements": 31, "percent_covered": 100.0, "percent_covered_display": "100", "missing_lines": 0, "excluded_lines": 0}, "missing_lines": [], "excluded_lines": []}, "GVOA.__init__": {"executed_lines": [182, 184, 185], "summary": {"covered_lines": 3, "num_statements": 3, "percent_covered": 100.0, "percent_covered_display": "100", "missing_lines": 0, "excluded_lines": 0}, "missing_lines": [], "excluded_lines": []}, "GVOA.initialize_population": {"executed_lines": [190, 191, 192, 193, 194, 195, 196, 197, 198, 199, 200], "summary": {"covered_lines": 11, "num_statements": 11, "percent_covered": 100.0, "percent_covered_display": "100", "missing_lines": 0, "excluded_lines": 0}, "missing_lines": [], "excluded_lines": []}, "GVOA.update_population": {"executed_lines": [205, 206, 209, 212, 213, 216, 219, 221, 223, 228, 235, 245, 246, 248, 249], "summary": {"covered_lines": 15, "num_statements": 15, "percent_covered": 100.0, "percent_covered_display": "100", "missing_lines": 0, "excluded_lines": 0}, "missing_lines": [], "excluded_lines": []}, "": {"executed_lines": [1, 7, 8, 9, 10, 13, 14, 28, 44, 50, 54, 63, 169, 170, 172, 187, 202], "summary": {"covered_lines": 14, "num_statements": 14, "percent_covered": 100.0, "percent_covered_display": "100", "missing_lines": 0, "excluded_lines": 0}, "missing_lines": [], "excluded_lines": []}}, "classes": {"Vulture": {"executed_lines": [35, 36, 38, 39, 41, 42, 46, 47, 48, 52, 56, 57, 58, 59, 60, 61, 84, 86, 87, 90, 92, 95, 101, 108, 110, 116, 119, 120, 122, 123, 128, 132, 135, 136, 138, 143, 148, 151, 152, 153, 155, 156, 157, 158, 161, 165, 166], "summary": {"covered_lines": 47, "num_statements": 47, "percent_covered": 100.0, "percent_covered_display": "100", "missing_lines": 0, "excluded_lines": 0}, "missing_lines": [], "excluded_lines": []}, "GVOA": {"executed_lines": [182, 184, 185, 190, 191, 192, 193, 194, 195, 196, 197, 198, 199, 200, 205, 206, 209, 212, 213, 216, 219, 221, 223, 228, 235, 245, 246, 248, 249], "summary": {"covered_lines": 29, "num_statements": 29, "percent_covered": 100.0, "percent_covered_display": "100", "missing_lines": 0, "excluded_lines": 0}, "missing_lines": [], "excluded_lines": []}, "": {"executed_lines": [1, 7, 8, 9, 10, 13, 14, 28, 44, 50, 54, 63, 169, 170, 172, 187, 202], "summary": {"covered_lines": 14, "num_statements": 14, "percent_covered": 100.0, "percent_covered_display": "100", "missing_lines": 0, "excluded_lines": 0}, "missing_lines": [], "excluded_lines": []}}}, "algorithms/hho.py": {"executed_lines": [1, 31, 32, 33, 34, 37, 39, 44, 45, 46, 49, 50, 52, 59, 60, 61, 62, 63, 67, 69, 70, 71, 73, 75, 79, 88, 89, 90, 98, 99, 100, 101, 103, 107, 108, 109, 112, 113, 116, 117, 122, 123, 127, 128, 129, 134, 137, 139, 146, 147, 150, 151, 153, 163, 164, 165, 166, 168, 172, 173, 175, 177, 178, 179, 180, 183, 184, 185, 186, 189, 191, 194, 196, 199, 200, 203, 205, 206, 207, 208, 211, 212, 213, 214, 217], "summary": {"covered_lines": 82, "num_statements": 82, "percent_covered": 100.0, "percent_covered_display": "100", "missing_lines": 0, "excluded_lines": 0}, "missing_lines": [], "excluded_lines": [], "functions": {"levy_flight": {"executed_lines": [39, 44, 45, 46], "summary": {"covered_lines": 4, "num_statements": 4, "percent_covered": 100.0, "percent_covered_display": "100", "missing_lines": 0, "excluded_lines": 0}, "missing_lines": [], "excluded_lines": []}, "Hawk.__init__": {"executed_lines": [59, 60, 61, 62, 63], "summary": {"covered_lines": 5, "num_statements": 5, "percent_covered": 100.0, "percent_covered_display": "100", "missing_lines": 0, "excluded_lines": 0}, "missing_lines": [], "excluded_lines": []}, "Hawk.fitness": {"executed_lines": [69, 70, 71], "summary": {"covered_lines": 3, "num_statements": 3, "percent_covered": 100.0, "percent_covered_display": "100", "missing_lines": 0, "excluded_lines": 0}, "missing_lines": [], "excluded_lines": []}, "Hawk.is_feasible": {"executed_lines": [75], "summary": {"covered_lines": 1, "num_statements": 1, "percent_covered": 100.0, "percent_covered_display": "100", "missing_lines": 0, "excluded_lines": 0}, "missing_lines": [], "excluded_lines": []}, "Hawk.move": {"executed_lines": [88, 89, 90, 98, 99, 100, 101, 103, 107, 108, 109, 112, 113, 116, 117, 122, 123, 127, 128, 129, 134, 137], "summary": {"covered_lines": 22, "num_statements": 22, "percent_covered": 100.0, "percent_covered_display": "100", "missing_lines": 0, "excluded_lines": 0}, "missing_lines": [], "excluded_lines": []}, "Hawk.copy": {"executed_lines": [146, 147], "summary": {"covered_lines": 2, "num_statements": 2, "percent_covered": 100.0, "percent_covered_display": "100", "missing_lines": 0, "excluded_lines": 0}, "missing_lines": [], "excluded_lines": []}, "HHO.__init__": {"executed_lines": [163, 164, 165, 166], "summary": {"covered_lines": 4, "num_statements": 4, "percent_covered": 100.0, "percent_covered_display": "100", "missing_lines": 0, "excluded_lines": 0}, "missing_lines": [], "excluded_lines": []}, "HHO.initialize_population": {"executed_lines": [172, 173, 175, 177, 178, 179, 180, 183, 184, 185, 186, 189], "summary": {"covered_lines": 12, "num_statements": 12, "percent_covered": 100.0, "percent_covered_display": "100", "missing_lines": 0, "excluded_lines": 0}, "missing_lines": [], "excluded_lines": []}, "HHO.update_population": {"executed_lines": [194, 196, 199, 200, 203, 205, 206, 207, 208, 211, 212, 213, 214, 217], "summary": {"covered_lines": 14, "num_statements": 14, "percent_covered": 100.0, "percent_covered_display": "100", "missing_lines": 0, "excluded_lines": 0}, "missing_lines": [], "excluded_lines": []}, "": {"executed_lines": [1, 31, 32, 33, 34, 37, 49, 50, 52, 67, 73, 79, 139, 150, 151, 153, 168, 191], "summary": {"covered_lines": 15, "num_statements": 15, "percent_covered": 100.0, "percent_covered_display": "100", "missing_lines": 0, "excluded_lines": 0}, "missing_lines": [], "excluded_lines": []}}, "classes": {"Hawk": {"executed_lines": [59, 60, 61, 62, 63, 69, 70, 71, 75, 88, 89, 90, 98, 99, 100, 101, 103, 107, 108, 109, 112, 113, 116, 117, 122, 123, 127, 128, 129, 134, 137, 146, 147], "summary": {"covered_lines": 33, "num_statements": 33, "percent_covered": 100.0, "percent_covered_display": "100", "missing_lines": 0, "excluded_lines": 0}, "missing_lines": [], "excluded_lines": []}, "HHO": {"executed_lines": [163, 164, 165, 166, 172, 173, 175, 177, 178, 179, 180, 183, 184, 185, 186, 189, 194, 196, 199, 200, 203, 205, 206, 207, 208, 211, 212, 213, 214, 217], "summary": {"covered_lines": 30, "num_statements": 30, "percent_covered": 100.0, "percent_covered_display": "100", "missing_lines": 0, "excluded_lines": 0}, "missing_lines": [], "excluded_lines": []}, "": {"executed_lines": [1, 31, 32, 33, 34, 37, 39, 44, 45, 46, 49, 50, 52, 67, 73, 79, 139, 150, 151, 153, 168, 191], "summary": {"covered_lines": 19, "num_statements": 19, "percent_covered": 100.0, "percent_covered_display": "100", "missing_lines": 0, "excluded_lines": 0}, "missing_lines": [], "excluded_lines": []}}}, "algorithms/ho.py": {"executed_lines": [1, 24, 25, 26, 27, 28, 29, 30, 33, 44, 49, 50, 51, 54, 55, 66, 68, 69, 70, 71, 72, 73, 74, 75, 77, 79, 81, 83, 85, 87, 88, 91, 93, 94, 95, 96, 97, 99, 114, 115, 125, 145, 148, 149, 150, 151, 152, 153, 154, 157, 158, 159, 162, 163, 166, 167, 168, 169, 170, 172, 173, 174, 175, 177, 178, 183, 185, 187, 188, 189, 192, 193, 194, 196, 197, 199, 210, 211, 214, 230, 231, 232, 235, 236, 240, 242, 243, 245, 248, 251, 252, 253, 255, 256, 258, 268, 269, 270, 272, 273, 274, 277, 280, 283, 284, 287, 288, 291, 294, 304, 305, 307, 315, 318, 319, 320, 321, 322, 325, 326, 329, 330, 331, 336, 337, 338, 341, 343, 352, 354, 355, 357, 358, 361, 362, 364, 370, 371, 372, 373, 375, 414, 424, 428, 429, 430, 431, 434, 435, 437, 439, 440, 443, 444, 445, 448, 453, 454, 455, 457, 458, 460, 462], "summary": {"covered_lines": 160, "num_statements": 202, "percent_covered": 79.20792079207921, "percent_covered_display": "79", "missing_lines": 42, "excluded_lines": 1}, "missing_lines": [89, 179, 180, 181, 215, 216, 218, 221, 222, 224, 225, 226, 227, 295, 297, 298, 299, 300, 301, 385, 386, 388, 389, 391, 392, 393, 394, 396, 403, 406, 407, 408, 409, 410, 412, 425, 464, 465, 467, 468, 469, 470], "excluded_lines": [111], "functions": {"levy_flight": {"executed_lines": [44, 49, 50, 51], "summary": {"covered_lines": 4, "num_statements": 4, "percent_covered": 100.0, "percent_covered_display": "100", "missing_lines": 0, "excluded_lines": 0}, "missing_lines": [], "excluded_lines": []}, "Hippopotamus.__init__": {"executed_lines": [68, 69, 70, 71, 72, 73, 74, 75], "summary": {"covered_lines": 8, "num_statements": 8, "percent_covered": 100.0, "percent_covered_display": "100", "missing_lines": 0, "excluded_lines": 0}, "missing_lines": [], "excluded_lines": []}, "Hippopotamus.update_fitness": {"executed_lines": [79], "summary": {"covered_lines": 1, "num_statements": 1, "percent_covered": 100.0, "percent_covered_display": "100", "missing_lines": 0, "excluded_lines": 0}, "missing_lines": [], "excluded_lines": []}, "Hippopotamus.fitness": {"executed_lines": [83], "summary": {"covered_lines": 1, "num_statements": 1, "percent_covered": 100.0, "percent_covered_display": "100", "missing_lines": 0, "excluded_lines": 0}, "missing_lines": [], "excluded_lines": []}, "Hippopotamus.is_feasible": {"executed_lines": [87, 88], "summary": {"covered_lines": 2, "num_statements": 3, "percent_covered": 66.66666666666667, "percent_covered_display": "67", "missing_lines": 1, "excluded_lines": 0}, "missing_lines": [89], "excluded_lines": []}, "Hippopotamus.copy": {"executed_lines": [93, 94, 95, 96, 97], "summary": {"covered_lines": 5, "num_statements": 5, "percent_covered": 100.0, "percent_covered_display": "100", "missing_lines": 0, "excluded_lines": 0}, "missing_lines": [], "excluded_lines": []}, "Hippopotamus.move": {"executed_lines": [], "summary": {"covered_lines": 0, "num_statements": 0, "percent_covered": 100.0, "percent_covered_display": "100", "missing_lines": 0, "excluded_lines": 1}, "missing_lines": [], "excluded_lines": [111]}, "HO.__init__": {"executed_lines": [145, 148, 149, 150, 151, 152, 153, 154, 157, 158, 159, 162, 163, 166, 167, 168, 169, 170, 172, 173, 174, 175, 177, 178], "summary": {"covered_lines": 24, "num_statements": 27, "percent_covered": 88.88888888888889, "percent_covered_display": "89", "missing_lines": 3, "excluded_lines": 0}, "missing_lines": [179, 180, 181], "excluded_lines": []}, "HO.initialize_population": {"executed_lines": [185, 187, 188, 189, 192, 193, 194, 196, 197], "summary": {"covered_lines": 9, "num_statements": 9, "percent_covered": 100.0, "percent_covered_display": "100", "missing_lines": 0, "excluded_lines": 0}, "missing_lines": [], "excluded_lines": []}, "HO.update_population": {"executed_lines": [210, 211, 214, 230, 231, 232, 235, 236, 240, 242, 243, 245, 248, 251, 252, 253, 255, 256], "summary": {"covered_lines": 18, "num_statements": 27, "percent_covered": 66.66666666666667, "percent_covered_display": "67", "missing_lines": 9, "excluded_lines": 0}, "missing_lines": [215, 216, 218, 221, 222, 224, 225, 226, 227], "excluded_lines": []}, "HO._position_phase": {"executed_lines": [268, 269, 270, 272, 273, 274, 277, 280, 283, 284, 287, 288, 291, 294, 304, 305], "summary": {"covered_lines": 16, "num_statements": 22, "percent_covered": 72.72727272727273, "percent_covered_display": "73", "missing_lines": 6, "excluded_lines": 0}, "missing_lines": [295, 297, 298, 299, 300, 301], "excluded_lines": []}, "HO._defense_phase": {"executed_lines": [315, 318, 319, 320, 321, 322, 325, 326, 329, 330, 331, 336, 337, 338, 341], "summary": {"covered_lines": 15, "num_statements": 15, "percent_covered": 100.0, "percent_covered_display": "100", "missing_lines": 0, "excluded_lines": 0}, "missing_lines": [], "excluded_lines": []}, "HO._evasion_phase": {"executed_lines": [352, 354, 355, 357, 358, 361, 362, 364, 370, 371, 372, 373], "summary": {"covered_lines": 12, "num_statements": 12, "percent_covered": 100.0, "percent_covered_display": "100", "missing_lines": 0, "excluded_lines": 0}, "missing_lines": [], "excluded_lines": []}, "HO._apply_2opt": {"executed_lines": [], "summary": {"covered_lines": 0, "num_statements": 16, "percent_covered": 0.0, "percent_covered_display": "0", "missing_lines": 16, "excluded_lines": 0}, "missing_lines": [385, 386, 388, 389, 391, 392, 393, 394, 396, 403, 406, 407, 408, 409, 410, 412], "excluded_lines": []}, "HO._apply_swap_balancing": {"executed_lines": [424, 428, 429, 430, 431, 434, 435, 437, 439, 440, 443, 444, 445, 448, 453, 454, 455, 457, 458, 460], "summary": {"covered_lines": 20, "num_statements": 21, "percent_covered": 95.23809523809524, "percent_covered_display": "95", "missing_lines": 1, "excluded_lines": 0}, "missing_lines": [425], "excluded_lines": []}, "HO._route_distance": {"executed_lines": [], "summary": {"covered_lines": 0, "num_statements": 6, "percent_covered": 0.0, "percent_covered_display": "0", "missing_lines": 6, "excluded_lines": 0}, "missing_lines": [464, 465, 467, 468, 469, 470], "excluded_lines": []}, "": {"executed_lines": [1, 24, 25, 26, 27, 28, 29, 30, 33, 54, 55, 66, 77, 81, 85, 91, 99, 114, 115, 125, 183, 199, 258, 307, 343, 375, 414, 462], "summary": {"covered_lines": 25, "num_statements": 25, "percent_covered": 100.0, "percent_covered_display": "100", "missing_lines": 0, "excluded_lines": 0}, "missing_lines": [], "excluded_lines": []}}, "classes": {"Hippopotamus": {"executed_lines": [68, 69, 70, 71, 72, 73, 74, 75, 79, 83, 87, 88, 93, 94, 95, 96, 97], "summary": {"covered_lines": 17, "num_statements": 18, "percent_covered": 94.44444444444444, "percent_covered_display": "94", "missing_lines": 1, "excluded_lines": 1}, "missing_lines": [89], "excluded_lines": [111]}, "HO": {"executed_lines": [145, 148, 149, 150, 151, 152, 153, 154, 157, 158, 159, 162, 163, 166, 167, 168, 169, 170, 172, 173, 174, 175, 177, 178, 185, 187, 188, 189, 192, 193, 194, 196, 197, 210, 211, 214, 230, 231, 232, 235, 236, 240, 242, 243, 245, 248, 251, 252, 253, 255, 256, 268, 269, 270, 272, 273, 274, 277, 280, 283, 284, 287, 288, 291, 294, 304, 305, 315, 318, 319, 320, 321, 322, 325, 326, 329, 330, 331, 336, 337, 338, 341, 352, 354, 355, 357, 358, 361, 362, 364, 370, 371, 372, 373, 424, 428, 429, 430, 431, 434, 435, 437, 439, 440, 443, 444, 445, 448, 453, 454, 455, 457, 458, 460], "summary": {"covered_lines": 114, "num_statements": 155, "percent_covered": 73.54838709677419, "percent_covered_display": "74", "missing_lines": 41, "excluded_lines": 0}, "missing_lines": [179, 180, 181, 215, 216, 218, 221, 222, 224, 225, 226, 227, 295, 297, 298, 299, 300, 301, 385, 386, 388, 389, 391, 392, 393, 394, 396, 403, 406, 407, 408, 409, 410, 412, 425, 464, 465, 467, 468, 469, 470], "excluded_lines": []}, "": {"executed_lines": [1, 24, 25, 26, 27, 28, 29, 30, 33, 44, 49, 50, 51, 54, 55, 66, 77, 81, 85, 91, 99, 114, 115, 125, 183, 199, 258, 307, 343, 375, 414, 462], "summary": {"covered_lines": 29, "num_statements": 29, "percent_covered": 100.0, "percent_covered_display": "100", "missing_lines": 0, "excluded_lines": 0}, "missing_lines": [], "excluded_lines": []}}}, "algorithms/hoa.py": {"executed_lines": [1, 33, 34, 35, 36, 39, 40, 42, 49, 50, 51, 52, 54, 56, 57, 58, 60, 62, 66, 77, 79, 80, 81, 83, 84, 87, 88, 89, 90, 91, 92, 93, 94, 96, 97, 99, 100, 101, 103, 104, 105, 107, 110, 113, 115, 117, 118, 119, 122, 123, 125, 135, 136, 137, 138, 140, 144, 145, 147, 149, 151, 152, 153, 156, 159, 160, 163, 168, 169, 172, 174, 176, 178, 180, 185, 188, 189, 192, 197, 198, 201], "summary": {"covered_lines": 78, "num_statements": 78, "percent_covered": 100.0, "percent_covered_display": "100", "missing_lines": 0, "excluded_lines": 0}, "missing_lines": [], "excluded_lines": [], "functions": {"Hyena.__init__": {"executed_lines": [49, 50, 51, 52], "summary": {"covered_lines": 4, "num_statements": 4, "percent_covered": 100.0, "percent_covered_display": "100", "missing_lines": 0, "excluded_lines": 0}, "missing_lines": [], "excluded_lines": []}, "Hyena.fitness": {"executed_lines": [56, 57, 58], "summary": {"covered_lines": 3, "num_statements": 3, "percent_covered": 100.0, "percent_covered_display": "100", "missing_lines": 0, "excluded_lines": 0}, "missing_lines": [], "excluded_lines": []}, "Hyena.is_feasible": {"executed_lines": [62], "summary": {"covered_lines": 1, "num_statements": 1, "percent_covered": 100.0, "percent_covered_display": "100", "missing_lines": 0, "excluded_lines": 0}, "missing_lines": [], "excluded_lines": []}, "Hyena.move": {"executed_lines": [77, 79, 80, 81, 83, 84, 87, 88, 89, 90, 91, 92, 93, 94, 96, 97, 99, 100, 101, 103, 104, 105, 107, 110, 113], "summary": {"covered_lines": 25, "num_statements": 25, "percent_covered": 100.0, "percent_covered_display": "100", "missing_lines": 0, "excluded_lines": 0}, "missing_lines": [], "excluded_lines": []}, "Hyena.copy": {"executed_lines": [117, 118, 119], "summary": {"covered_lines": 3, "num_statements": 3, "percent_covered": 100.0, "percent_covered_display": "100", "missing_lines": 0, "excluded_lines": 0}, "missing_lines": [], "excluded_lines": []}, "HOA.__init__": {"executed_lines": [135, 136, 137, 138], "summary": {"covered_lines": 4, "num_statements": 4, "percent_covered": 100.0, "percent_covered_display": "100", "missing_lines": 0, "excluded_lines": 0}, "missing_lines": [], "excluded_lines": []}, "HOA.initialize_population": {"executed_lines": [144, 145, 147, 149, 151, 152, 153, 156, 159, 160, 163, 168, 169, 172], "summary": {"covered_lines": 14, "num_statements": 14, "percent_covered": 100.0, "percent_covered_display": "100", "missing_lines": 0, "excluded_lines": 0}, "missing_lines": [], "excluded_lines": []}, "HOA.update_population": {"executed_lines": [176, 178, 180, 185, 188, 189, 192, 197, 198, 201], "summary": {"covered_lines": 10, "num_statements": 10, "percent_covered": 100.0, "percent_covered_display": "100", "missing_lines": 0, "excluded_lines": 0}, "missing_lines": [], "excluded_lines": []}, "": {"executed_lines": [1, 33, 34, 35, 36, 39, 40, 42, 54, 60, 66, 115, 122, 123, 125, 140, 174], "summary": {"covered_lines": 14, "num_statements": 14, "percent_covered": 100.0, "percent_covered_display": "100", "missing_lines": 0, "excluded_lines": 0}, "missing_lines": [], "excluded_lines": []}}, "classes": {"Hyena": {"executed_lines": [49, 50, 51, 52, 56, 57, 58, 62, 77, 79, 80, 81, 83, 84, 87, 88, 89, 90, 91, 92, 93, 94, 96, 97, 99, 100, 101, 103, 104, 105, 107, 110, 113, 117, 118, 119], "summary": {"covered_lines": 36, "num_statements": 36, "percent_covered": 100.0, "percent_covered_display": "100", "missing_lines": 0, "excluded_lines": 0}, "missing_lines": [], "excluded_lines": []}, "HOA": {"executed_lines": [135, 136, 137, 138, 144, 145, 147, 149, 151, 152, 153, 156, 159, 160, 163, 168, 169, 172, 176, 178, 180, 185, 188, 189, 192, 197, 198, 201], "summary": {"covered_lines": 28, "num_statements": 28, "percent_covered": 100.0, "percent_covered_display": "100", "missing_lines": 0, "excluded_lines": 0}, "missing_lines": [], "excluded_lines": []}, "": {"executed_lines": [1, 33, 34, 35, 36, 39, 40, 42, 54, 60, 66, 115, 122, 123, 125, 140, 174], "summary": {"covered_lines": 14, "num_statements": 14, "percent_covered": 100.0, "percent_covered_display": "100", "missing_lines": 0, "excluded_lines": 0}, "missing_lines": [], "excluded_lines": []}}}, "algorithms/mrfo.py": {"executed_lines": [1, 30, 31, 32, 33, 36, 37, 39, 46, 47, 48, 50, 51, 52, 54, 56, 57, 58, 60, 62, 66, 76, 77, 81, 82, 83, 85, 91, 92, 93, 95, 102, 108, 109, 110, 113, 114, 115, 116, 121, 123, 130, 131, 134, 135, 137, 147, 148, 149, 151, 155, 156, 158, 160, 161, 162, 163, 166, 167, 168, 169, 172, 174, 177, 180, 182, 184, 192, 193, 194, 195, 198], "summary": {"covered_lines": 69, "num_statements": 69, "percent_covered": 100.0, "percent_covered_display": "100", "missing_lines": 0, "excluded_lines": 0}, "missing_lines": [], "excluded_lines": [], "functions": {"MantaRay.__init__": {"executed_lines": [46, 47, 48, 50, 51, 52], "summary": {"covered_lines": 6, "num_statements": 6, "percent_covered": 100.0, "percent_covered_display": "100", "missing_lines": 0, "excluded_lines": 0}, "missing_lines": [], "excluded_lines": []}, "MantaRay.fitness": {"executed_lines": [56, 57, 58], "summary": {"covered_lines": 3, "num_statements": 3, "percent_covered": 100.0, "percent_covered_display": "100", "missing_lines": 0, "excluded_lines": 0}, "missing_lines": [], "excluded_lines": []}, "MantaRay.is_feasible": {"executed_lines": [62], "summary": {"covered_lines": 1, "num_statements": 1, "percent_covered": 100.0, "percent_covered_display": "100", "missing_lines": 0, "excluded_lines": 0}, "missing_lines": [], "excluded_lines": []}, "MantaRay.move": {"executed_lines": [76, 77, 81, 82, 83, 85, 91, 92, 93, 95, 102, 108, 109, 110, 113, 114, 115, 116, 121], "summary": {"covered_lines": 19, "num_statements": 19, "percent_covered": 100.0, "percent_covered_display": "100", "missing_lines": 0, "excluded_lines": 0}, "missing_lines": [], "excluded_lines": []}, "MantaRay.copy": {"executed_lines": [130, 131], "summary": {"covered_lines": 2, "num_statements": 2, "percent_covered": 100.0, "percent_covered_display": "100", "missing_lines": 0, "excluded_lines": 0}, "missing_lines": [], "excluded_lines": []}, "MRFO.__init__": {"executed_lines": [147, 148, 149], "summary": {"covered_lines": 3, "num_statements": 3, "percent_covered": 100.0, "percent_covered_display": "100", "missing_lines": 0, "excluded_lines": 0}, "missing_lines": [], "excluded_lines": []}, "MRFO.initialize_population": {"executed_lines": [155, 156, 158, 160, 161, 162, 163, 166, 167, 168, 169, 172], "summary": {"covered_lines": 12, "num_statements": 12, "percent_covered": 100.0, "percent_covered_display": "100", "missing_lines": 0, "excluded_lines": 0}, "missing_lines": [], "excluded_lines": []}, "MRFO.update_population": {"executed_lines": [177, 180, 182, 184, 192, 193, 194, 195, 198], "summary": {"covered_lines": 9, "num_statements": 9, "percent_covered": 100.0, "percent_covered_display": "100", "missing_lines": 0, "excluded_lines": 0}, "missing_lines": [], "excluded_lines": []}, "": {"executed_lines": [1, 30, 31, 32, 33, 36, 37, 39, 54, 60, 66, 123, 134, 135, 137, 151, 174], "summary": {"covered_lines": 14, "num_statements": 14, "percent_covered": 100.0, "percent_covered_display": "100", "missing_lines": 0, "excluded_lines": 0}, "missing_lines": [], "excluded_lines": []}}, "classes": {"MantaRay": {"executed_lines": [46, 47, 48, 50, 51, 52, 56, 57, 58, 62, 76, 77, 81, 82, 83, 85, 91, 92, 93, 95, 102, 108, 109, 110, 113, 114, 115, 116, 121, 130, 131], "summary": {"covered_lines": 31, "num_statements": 31, "percent_covered": 100.0, "percent_covered_display": "100", "missing_lines": 0, "excluded_lines": 0}, "missing_lines": [], "excluded_lines": []}, "MRFO": {"executed_lines": [147, 148, 149, 155, 156, 158, 160, 161, 162, 163, 166, 167, 168, 169, 172, 177, 180, 182, 184, 192, 193, 194, 195, 198], "summary": {"covered_lines": 24, "num_statements": 24, "percent_covered": 100.0, "percent_covered_display": "100", "missing_lines": 0, "excluded_lines": 0}, "missing_lines": [], "excluded_lines": []}, "": {"executed_lines": [1, 30, 31, 32, 33, 36, 37, 39, 54, 60, 66, 123, 134, 135, 137, 151, 174], "summary": {"covered_lines": 14, "num_statements": 14, "percent_covered": 100.0, "percent_covered_display": "100", "missing_lines": 0, "excluded_lines": 0}, "missing_lines": [], "excluded_lines": []}}}, "algorithms/opa.py": {"executed_lines": [1, 33, 34, 35, 36, 37, 40, 41, 43, 44, 46, 47, 48, 49, 51, 61, 62, 65, 66, 67, 68, 69, 71, 80, 86, 88, 89, 91, 97, 100, 102, 103, 105, 107, 108, 109, 111, 113, 116, 117, 119, 121, 127, 128, 132, 133, 134, 137, 138, 141, 142, 143, 146, 150, 156, 157, 160, 162, 172, 175, 176, 177, 178, 179, 180, 182, 185, 186, 189, 193, 196, 197, 198, 200, 201, 202, 205, 206, 213, 214, 215, 216, 217, 218, 220, 222, 223, 224, 226, 227, 228, 229, 231, 234, 235, 236, 239, 242, 243, 246, 247, 248, 251, 252, 254, 256, 257, 258, 259, 260, 262, 263, 265, 269, 271], "summary": {"covered_lines": 112, "num_statements": 121, "percent_covered": 92.56198347107438, "percent_covered_display": "93", "missing_lines": 9, "excluded_lines": 1}, "missing_lines": [104, 114, 129, 147, 151, 152, 153, 190, 267], "excluded_lines": [78], "functions": {"Orca.__init__": {"executed_lines": [44, 46, 47, 48, 49], "summary": {"covered_lines": 5, "num_statements": 5, "percent_covered": 100.0, "percent_covered_display": "100", "missing_lines": 0, "excluded_lines": 0}, "missing_lines": [], "excluded_lines": []}, "Orca.copy": {"executed_lines": [61, 62, 65, 66, 67, 68, 69], "summary": {"covered_lines": 7, "num_statements": 7, "percent_covered": 100.0, "percent_covered_display": "100", "missing_lines": 0, "excluded_lines": 0}, "missing_lines": [], "excluded_lines": []}, "Orca.move": {"executed_lines": [], "summary": {"covered_lines": 0, "num_statements": 0, "percent_covered": 100.0, "percent_covered_display": "100", "missing_lines": 0, "excluded_lines": 1}, "missing_lines": [], "excluded_lines": [78]}, "Orca.fitness": {"executed_lines": [86, 88, 89], "summary": {"covered_lines": 3, "num_statements": 3, "percent_covered": 100.0, "percent_covered_display": "100", "missing_lines": 0, "excluded_lines": 0}, "missing_lines": [], "excluded_lines": []}, "Orca.is_feasible": {"executed_lines": [97], "summary": {"covered_lines": 1, "num_statements": 1, "percent_covered": 100.0, "percent_covered_display": "100", "missing_lines": 0, "excluded_lines": 0}, "missing_lines": [], "excluded_lines": []}, "Orca._random_swap": {"executed_lines": [102, 103, 105, 107, 108, 109], "summary": {"covered_lines": 6, "num_statements": 7, "percent_covered": 85.71428571428571, "percent_covered_display": "86", "missing_lines": 1, "excluded_lines": 0}, "missing_lines": [104], "excluded_lines": []}, "Orca._two_opt": {"executed_lines": [113, 116, 117, 119], "summary": {"covered_lines": 4, "num_statements": 5, "percent_covered": 80.0, "percent_covered_display": "80", "missing_lines": 1, "excluded_lines": 0}, "missing_lines": [114], "excluded_lines": []}, "Orca._relocate": {"executed_lines": [127, 128, 132, 133, 134, 137, 138, 141, 142, 143, 146, 150, 156, 157, 160], "summary": {"covered_lines": 15, "num_statements": 20, "percent_covered": 75.0, "percent_covered_display": "75", "missing_lines": 5, "excluded_lines": 0}, "missing_lines": [129, 147, 151, 152, 153], "excluded_lines": []}, "Orca.update": {"executed_lines": [172, 175, 176, 177, 178, 179, 180, 182, 185, 186, 189, 193, 196, 197, 198, 200, 201, 202], "summary": {"covered_lines": 18, "num_statements": 19, "percent_covered": 94.73684210526316, "percent_covered_display": "95", "missing_lines": 1, "excluded_lines": 0}, "missing_lines": [190], "excluded_lines": []}, "OPA.__init__": {"executed_lines": [214, 215, 216, 217, 218], "summary": {"covered_lines": 5, "num_statements": 5, "percent_covered": 100.0, "percent_covered_display": "100", "missing_lines": 0, "excluded_lines": 0}, "missing_lines": [], "excluded_lines": []}, "OPA.initialize_population": {"executed_lines": [222, 223, 224, 226, 227, 228, 229], "summary": {"covered_lines": 7, "num_statements": 7, "percent_covered": 100.0, "percent_covered_display": "100", "missing_lines": 0, "excluded_lines": 0}, "missing_lines": [], "excluded_lines": []}, "OPA.update_population": {"executed_lines": [234, 235, 236, 239, 242, 243, 246, 247, 248, 251, 252], "summary": {"covered_lines": 11, "num_statements": 11, "percent_covered": 100.0, "percent_covered_display": "100", "missing_lines": 0, "excluded_lines": 0}, "missing_lines": [], "excluded_lines": []}, "OPA.execute": {"executed_lines": [256, 257, 258, 259, 260, 262, 263], "summary": {"covered_lines": 7, "num_statements": 7, "percent_covered": 100.0, "percent_covered_display": "100", "missing_lines": 0, "excluded_lines": 0}, "missing_lines": [], "excluded_lines": []}, "OPA.get_execution_time": {"executed_lines": [], "summary": {"covered_lines": 0, "num_statements": 1, "percent_covered": 0.0, "percent_covered_display": "0", "missing_lines": 1, "excluded_lines": 0}, "missing_lines": [267], "excluded_lines": []}, "OPA.get_convergence_curve": {"executed_lines": [271], "summary": {"covered_lines": 1, "num_statements": 1, "percent_covered": 100.0, "percent_covered_display": "100", "missing_lines": 0, "excluded_lines": 0}, "missing_lines": [], "excluded_lines": []}, "": {"executed_lines": [1, 33, 34, 35, 36, 37, 40, 41, 43, 51, 71, 80, 91, 100, 111, 121, 162, 205, 206, 213, 220, 231, 254, 265, 269], "summary": {"covered_lines": 22, "num_statements": 22, "percent_covered": 100.0, "percent_covered_display": "100", "missing_lines": 0, "excluded_lines": 0}, "missing_lines": [], "excluded_lines": []}}, "classes": {"Orca": {"executed_lines": [44, 46, 47, 48, 49, 61, 62, 65, 66, 67, 68, 69, 86, 88, 89, 97, 102, 103, 105, 107, 108, 109, 113, 116, 117, 119, 127, 128, 132, 133, 134, 137, 138, 141, 142, 143, 146, 150, 156, 157, 160, 172, 175, 176, 177, 178, 179, 180, 182, 185, 186, 189, 193, 196, 197, 198, 200, 201, 202], "summary": {"covered_lines": 59, "num_statements": 67, "percent_covered": 88.05970149253731, "percent_covered_display": "88", "missing_lines": 8, "excluded_lines": 1}, "missing_lines": [104, 114, 129, 147, 151, 152, 153, 190], "excluded_lines": [78]}, "OPA": {"executed_lines": [214, 215, 216, 217, 218, 222, 223, 224, 226, 227, 228, 229, 234, 235, 236, 239, 242, 243, 246, 247, 248, 251, 252, 256, 257, 258, 259, 260, 262, 263, 271], "summary": {"covered_lines": 31, "num_statements": 32, "percent_covered": 96.875, "percent_covered_display": "97", "missing_lines": 1, "excluded_lines": 0}, "missing_lines": [267], "excluded_lines": []}, "": {"executed_lines": [1, 33, 34, 35, 36, 37, 40, 41, 43, 51, 71, 80, 91, 100, 111, 121, 162, 205, 206, 213, 220, 231, 254, 265, 269], "summary": {"covered_lines": 22, "num_statements": 22, "percent_covered": 100.0, "percent_covered_display": "100", "missing_lines": 0, "excluded_lines": 0}, "missing_lines": [], "excluded_lines": []}}}, "algorithms/rro.py": {"executed_lines": [1, 7, 8, 9, 12, 13, 17, 24, 25, 26, 27, 28, 29, 32, 33, 35, 37, 38, 39, 41, 43, 44, 47, 49, 51, 55, 57, 58, 59, 60, 61, 62, 64, 68, 69, 70, 71, 72, 74, 75, 76, 78, 79, 83, 84, 86, 88, 89, 91, 92, 93, 94, 95, 96, 97, 98, 99, 100, 102, 103, 104, 105, 107, 108, 109, 110, 111, 112, 115, 116, 120, 148, 151, 155, 157, 158, 164, 165, 171, 172, 173, 174, 175, 177, 181, 182, 184, 186, 187, 188, 189, 192, 193, 194, 196, 199, 200, 202, 203, 205, 206, 207, 208, 209, 212, 214, 217, 218, 219], "summary": {"covered_lines": 106, "num_statements": 108, "percent_covered": 98.14814814814815, "percent_covered_display": "98", "missing_lines": 2, "excluded_lines": 0}, "missing_lines": [162, 169], "excluded_lines": [], "functions": {"Raven.__init__": {"executed_lines": [24, 25, 26, 27, 28, 29, 32, 33], "summary": {"covered_lines": 8, "num_statements": 8, "percent_covered": 100.0, "percent_covered_display": "100", "missing_lines": 0, "excluded_lines": 0}, "missing_lines": [], "excluded_lines": []}, "Raven.fitness": {"executed_lines": [37, 38, 39], "summary": {"covered_lines": 3, "num_statements": 3, "percent_covered": 100.0, "percent_covered_display": "100", "missing_lines": 0, "excluded_lines": 0}, "missing_lines": [], "excluded_lines": []}, "Raven.personal_best_fitness": {"executed_lines": [43, 44, 47], "summary": {"covered_lines": 3, "num_statements": 3, "percent_covered": 100.0, "percent_covered_display": "100", "missing_lines": 0, "excluded_lines": 0}, "missing_lines": [], "excluded_lines": []}, "Raven.is_feasible": {"executed_lines": [51], "summary": {"covered_lines": 1, "num_statements": 1, "percent_covered": 100.0, "percent_covered_display": "100", "missing_lines": 0, "excluded_lines": 0}, "missing_lines": [], "excluded_lines": []}, "Raven.copy": {"executed_lines": [57, 58, 59, 60, 61, 62], "summary": {"covered_lines": 6, "num_statements": 6, "percent_covered": 100.0, "percent_covered_display": "100", "missing_lines": 0, "excluded_lines": 0}, "missing_lines": [], "excluded_lines": []}, "Raven.move": {"executed_lines": [68, 69, 70, 71, 72, 74, 75, 76, 78, 79, 83, 84, 86, 88, 89, 91, 92, 93, 94, 95, 96, 97, 98, 99, 100, 102, 103, 104, 105, 107, 108, 109, 110, 111, 112], "summary": {"covered_lines": 35, "num_statements": 35, "percent_covered": 100.0, "percent_covered_display": "100", "missing_lines": 0, "excluded_lines": 0}, "missing_lines": [], "excluded_lines": []}, "RRO.__init__": {"executed_lines": [148, 151, 155, 157, 158, 164, 165, 171, 172, 173, 174, 175], "summary": {"covered_lines": 12, "num_statements": 14, "percent_covered": 85.71428571428571, "percent_covered_display": "86", "missing_lines": 2, "excluded_lines": 0}, "missing_lines": [162, 169], "excluded_lines": []}, "RRO.initialize_population": {"executed_lines": [181, 182, 184, 186, 187, 188, 189, 192, 193, 194], "summary": {"covered_lines": 10, "num_statements": 10, "percent_covered": 100.0, "percent_covered_display": "100", "missing_lines": 0, "excluded_lines": 0}, "missing_lines": [], "excluded_lines": []}, "RRO.update_population": {"executed_lines": [199, 200, 202, 203, 205, 206, 207, 208, 209, 212, 214, 217, 218, 219], "summary": {"covered_lines": 14, "num_statements": 14, "percent_covered": 100.0, "percent_covered_display": "100", "missing_lines": 0, "excluded_lines": 0}, "missing_lines": [], "excluded_lines": []}, "": {"executed_lines": [1, 7, 8, 9, 12, 13, 17, 35, 41, 49, 55, 64, 115, 116, 120, 177, 196], "summary": {"covered_lines": 14, "num_statements": 14, "percent_covered": 100.0, "percent_covered_display": "100", "missing_lines": 0, "excluded_lines": 0}, "missing_lines": [], "excluded_lines": []}}, "classes": {"Raven": {"executed_lines": [24, 25, 26, 27, 28, 29, 32, 33, 37, 38, 39, 43, 44, 47, 51, 57, 58, 59, 60, 61, 62, 68, 69, 70, 71, 72, 74, 75, 76, 78, 79, 83, 84, 86, 88, 89, 91, 92, 93, 94, 95, 96, 97, 98, 99, 100, 102, 103, 104, 105, 107, 108, 109, 110, 111, 112], "summary": {"covered_lines": 56, "num_statements": 56, "percent_covered": 100.0, "percent_covered_display": "100", "missing_lines": 0, "excluded_lines": 0}, "missing_lines": [], "excluded_lines": []}, "RRO": {"executed_lines": [148, 151, 155, 157, 158, 164, 165, 171, 172, 173, 174, 175, 181, 182, 184, 186, 187, 188, 189, 192, 193, 194, 199, 200, 202, 203, 205, 206, 207, 208, 209, 212, 214, 217, 218, 219], "summary": {"covered_lines": 36, "num_statements": 38, "percent_covered": 94.73684210526316, "percent_covered_display": "95", "missing_lines": 2, "excluded_lines": 0}, "missing_lines": [162, 169], "excluded_lines": []}, "": {"executed_lines": [1, 7, 8, 9, 12, 13, 17, 35, 41, 49, 55, 64, 115, 116, 120, 177, 196], "summary": {"covered_lines": 14, "num_statements": 14, "percent_covered": 100.0, "percent_covered_display": "100", "missing_lines": 0, "excluded_lines": 0}, "missing_lines": [], "excluded_lines": []}}}, "algorithms/sho.py": {"executed_lines": [1, 34, 35, 36, 37, 40, 41, 43, 50, 51, 52, 53, 55, 57, 58, 59, 61, 63, 67, 78, 80, 81, 82, 84, 85, 88, 89, 90, 91, 92, 93, 94, 95, 97, 98, 100, 101, 102, 104, 105, 106, 108, 111, 114, 116, 118, 119, 120, 123, 124, 126, 136, 137, 138, 139, 141, 145, 146, 148, 150, 152, 153, 154, 157, 160, 161, 164, 169, 170, 173, 175, 177, 179, 181, 186, 189, 190, 193, 198, 199, 202, 206], "summary": {"covered_lines": 79, "num_statements": 79, "percent_covered": 100.0, "percent_covered_display": "100", "missing_lines": 0, "excluded_lines": 0}, "missing_lines": [], "excluded_lines": [], "functions": {"Hyena.__init__": {"executed_lines": [50, 51, 52, 53], "summary": {"covered_lines": 4, "num_statements": 4, "percent_covered": 100.0, "percent_covered_display": "100", "missing_lines": 0, "excluded_lines": 0}, "missing_lines": [], "excluded_lines": []}, "Hyena.fitness": {"executed_lines": [57, 58, 59], "summary": {"covered_lines": 3, "num_statements": 3, "percent_covered": 100.0, "percent_covered_display": "100", "missing_lines": 0, "excluded_lines": 0}, "missing_lines": [], "excluded_lines": []}, "Hyena.is_feasible": {"executed_lines": [63], "summary": {"covered_lines": 1, "num_statements": 1, "percent_covered": 100.0, "percent_covered_displa
[...]
68, 269, 270, 272, 274, 275, 278, 279, 280, 281, 283, 284, 286, 287, 288, 289, 290, 292, 295, 296, 297, 298, 300, 301, 303, 308, 309, 316, 320, 332, 334, 350, 359, 363, 364, 365, 366, 367, 368], "summary": {"covered_lines": 75, "num_statements": 83, "percent_covered": 90.36144578313252, "percent_covered_display": "90", "missing_lines": 8, "excluded_lines": 0}, "missing_lines": [304, 337, 338, 339, 342, 343, 344, 346], "excluded_lines": []}, "": {"executed_lines": [1, 18, 19, 20, 21, 22, 23, 24, 25, 26, 27, 30, 31, 38, 64, 95, 96, 103, 122, 200, 322, 348, 361, 371, 387, 398, 399, 400, 401, 402, 412, 413, 416, 417, 418, 419, 420, 427, 446, 447, 450, 451, 452, 453, 454, 455, 456, 457, 458, 463, 466, 467, 470, 471, 473], "summary": {"covered_lines": 52, "num_statements": 67, "percent_covered": 77.61194029850746, "percent_covered_display": "78", "missing_lines": 15, "excluded_lines": 0}, "missing_lines": [408, 409, 422, 423, 424, 428, 429, 432, 436, 439, 440, 441, 442, 444, 460], "excluded_lines": []}}}, "utils/multiobjective_metrics.py": {"executed_lines": [1, 8, 9, 10, 11, 13, 16, 17, 20, 21, 22, 25, 39, 40, 43, 55, 56, 63, 64, 65, 66, 67, 68, 69, 73, 74, 77, 91, 94, 95, 96, 97, 99, 100, 101, 102, 104, 107, 119, 121, 122, 123, 124, 126, 129, 130, 131, 132, 134, 137, 168, 223, 241, 242, 244, 245, 247, 249, 250, 252, 254, 255, 257, 266, 268, 271, 285, 288, 289, 292, 293, 294, 295, 298, 303, 304, 305, 309], "summary": {"covered_lines": 77, "num_statements": 119, "percent_covered": 64.70588235294117, "percent_covered_display": "65", "missing_lines": 42, "excluded_lines": 0}, "missing_lines": [19, 44, 46, 47, 48, 49, 51, 52, 71, 72, 92, 149, 150, 152, 153, 154, 155, 156, 157, 158, 159, 160, 162, 163, 165, 182, 183, 186, 187, 188, 190, 191, 194, 198, 204, 205, 206, 210, 213, 214, 218, 220], "excluded_lines": [], "functions": {"calculate_hypervolume": {"executed_lines": [39, 40, 43, 55, 56, 63, 64, 65, 66, 67, 68, 69, 73, 74], "summary": {"covered_lines": 14, "num_statements": 23, "percent_covered": 60.869565217391305, "percent_covered_display": "61", "missing_lines": 9, "excluded_lines": 0}, "missing_lines": [44, 46, 47, 48, 49, 51, 52, 71, 72], "excluded_lines": []}, "calculate_igd": {"executed_lines": [91, 94, 95, 96, 97, 99, 100, 101, 102, 104], "summary": {"covered_lines": 10, "num_statements": 11, "percent_covered": 90.9090909090909, "percent_covered_display": "91", "missing_lines": 1, "excluded_lines": 0}, "missing_lines": [92], "excluded_lines": []}, "get_non_dominated_solutions": {"executed_lines": [119, 121, 122, 123, 124, 126, 129, 130, 131, 132, 134], "summary": {"covered_lines": 11, "num_statements": 11, "percent_covered": 100.0, "percent_covered_display": "100", "missing_lines": 0, "excluded_lines": 0}, "missing_lines": [], "excluded_lines": []}, "calculate_spacing": {"executed_lines": [], "summary": {"covered_lines": 0, "num_statements": 14, "percent_covered": 0.0, "percent_covered_display": "0", "missing_lines": 14, "excluded_lines": 0}, "missing_lines": [149, 150, 152, 153, 154, 155, 156, 157, 158, 159, 160, 162, 163, 165], "excluded_lines": []}, "calculate_spread": {"executed_lines": [], "summary": {"covered_lines": 0, "num_statements": 17, "percent_covered": 0.0, "percent_covered_display": "0", "missing_lines": 17, "excluded_lines": 0}, "missing_lines": [182, 183, 186, 187, 188, 190, 191, 194, 198, 204, 205, 206, 210, 213, 214, 218, 220], "excluded_lines": []}, "simulate_dynamic_demands": {"executed_lines": [241, 242, 244, 245, 247, 249, 250, 252, 254, 255, 257, 266, 268], "summary": {"covered_lines": 13, "num_statements": 13, "percent_covered": 100.0, "percent_covered_display": "100", "missing_lines": 0, "excluded_lines": 0}, "missing_lines": [], "excluded_lines": []}, "calculate_qc_metrics": {"executed_lines": [285, 288, 289, 292, 293, 294, 295, 298, 303, 304, 305, 309], "summary": {"covered_lines": 12, "num_statements": 12, "percent_covered": 100.0, "percent_covered_display": "100", "missing_lines": 0, "excluded_lines": 0}, "missing_lines": [], "excluded_lines": []}, "": {"executed_lines": [1, 8, 9, 10, 11, 13, 16, 17, 20, 21, 22, 25, 77, 107, 137, 168, 223, 271], "summary": {"covered_lines": 17, "num_statements": 18, "percent_covered": 94.44444444444444, "percent_covered_display": "94", "missing_lines": 1, "excluded_lines": 0}, "missing_lines": [19], "excluded_lines": []}}, "classes": {"": {"executed_lines": [1, 8, 9, 10, 11, 13, 16, 17, 20, 21, 22, 25, 39, 40, 43, 55, 56, 63, 64, 65, 66, 67, 68, 69, 73, 74, 77, 91, 94, 95, 96, 97, 99, 100, 101, 102, 104, 107, 119, 121, 122, 123, 124, 126, 129, 130, 131, 132, 134, 137, 168, 223, 241, 242, 244, 245, 247, 249, 250, 252, 254, 255, 257, 266, 268, 271, 285, 288, 289, 292, 293, 294, 295, 298, 303, 304, 305, 309], "summary": {"covered_lines": 77, "num_statements": 119, "percent_covered": 64.70588235294117, "percent_covered_display": "65", "missing_lines": 42, "excluded_lines": 0}, "missing_lines": [19, 44, 46, 47, 48, 49, 51, 52, 71, 72, 92, 149, 150, 152, 153, 154, 155, 156, 157, 158, 159, 160, 162, 163, 165, 182, 183, 186, 187, 188, 190, 191, 194, 198, 204, 205, 206, 210, 213, 214, 218, 220], "excluded_lines": []}}}, "utils/operators.py": {"executed_lines": [1, 5, 8, 21, 23, 24, 25, 26, 28, 29, 30, 33, 34, 35, 37, 38, 40, 45, 48, 50, 52, 55, 67, 69, 70, 71, 72, 75, 76, 78, 79, 81, 82, 83, 86, 88, 89, 92, 94, 95, 97, 99, 102, 114], "summary": {"covered_lines": 43, "num_statements": 43, "percent_covered": 100.0, "percent_covered_display": "100", "missing_lines": 0, "excluded_lines": 0}, "missing_lines": [], "excluded_lines": [], "functions": {"sbx_crossover": {"executed_lines": [21, 23, 24, 25, 26, 28, 29, 30, 33, 34, 35, 37, 38, 40, 45, 48, 50, 52], "summary": {"covered_lines": 18, "num_statements": 18, "percent_covered": 100.0, "percent_covered_display": "100", "missing_lines": 0, "excluded_lines": 0}, "missing_lines": [], "excluded_lines": []}, "polynomial_mutation": {"executed_lines": [67, 69, 70, 71, 72, 75, 76, 78, 79, 81, 82, 83, 86, 88, 89, 92, 94, 95, 97, 99], "summary": {"covered_lines": 20, "num_statements": 20, "percent_covered": 100.0, "percent_covered_display": "100", "missing_lines": 0, "excluded_lines": 0}, "missing_lines": [], "excluded_lines": []}, "repair_bounds": {"executed_lines": [114], "summary": {"covered_lines": 1, "num_statements": 1, "percent_covered": 100.0, "percent_covered_display": "100", "missing_lines": 0, "excluded_lines": 0}, "missing_lines": [], "excluded_lines": []}, "": {"executed_lines": [1, 5, 8, 55, 102], "summary": {"covered_lines": 4, "num_statements": 4, "percent_covered": 100.0, "percent_covered_display": "100", "missing_lines": 0, "excluded_lines": 0}, "missing_lines": [], "excluded_lines": []}}, "classes": {"": {"executed_lines": [1, 5, 8, 21, 23, 24, 25, 26, 28, 29, 30, 33, 34, 35, 37, 38, 40, 45, 48, 50, 52, 55, 67, 69, 70, 71, 72, 75, 76, 78, 79, 81, 82, 83, 86, 88, 89, 92, 94, 95, 97, 99, 102, 114], "summary": {"covered_lines": 43, "num_statements": 43, "percent_covered": 100.0, "percent_covered_display": "100", "missing_lines": 0, "excluded_lines": 0}, "missing_lines": [], "excluded_lines": []}}}, "utils/qc_dvrp_benchmarking.py": {"executed_lines": [1, 10, 11, 12, 13, 14, 15, 16, 18, 23, 30, 32, 35, 36, 50, 51, 53, 54, 57, 58, 59, 60, 63, 64, 65, 66, 69, 70, 71, 72, 73, 75, 79, 81, 82, 83, 84, 86, 87, 88, 89, 90, 92, 94, 97, 98, 100, 101, 104, 105, 107, 108, 110, 111, 113, 140, 172, 174, 176, 177, 184, 187, 190, 194, 195, 196, 198, 199, 202, 209, 215, 218, 219, 220, 221, 226, 227, 228, 229, 232, 233, 234, 237, 238, 239, 242, 244, 246, 247, 261, 264, 267, 272, 277, 281, 282, 285, 286, 287, 291, 292, 295, 298, 302, 305, 307, 309, 310, 313, 323, 324, 335, 339, 340, 341, 342, 343, 345, 346, 347, 348, 349, 350, 352, 354], "summary": {"covered_lines": 123, "num_statements": 146, "percent_covered": 84.24657534246575, "percent_covered_display": "84", "missing_lines": 23, "excluded_lines": 0}, "missing_lines": [115, 118, 129, 137, 179, 180, 181, 182, 188, 210, 211, 212, 213, 248, 250, 251, 252, 253, 254, 257, 258, 278, 336], "excluded_lines": [], "functions": {"QCDVRPBenchmarkResult.__init__": {"executed_lines": [54, 57, 58, 59, 60, 63, 64, 65, 66, 69, 70, 71, 72, 73], "summary": {"covered_lines": 14, "num_statements": 14, "percent_covered": 100.0, "percent_covered_display": "100", "missing_lines": 0, "excluded_lines": 0}, "missing_lines": [], "excluded_lines": []}, "QCDVRPBenchmarkResult.add_multiobjective_run": {"executed_lines": [79, 81, 82, 83, 84, 86, 87, 88, 89, 90], "summary": {"covered_lines": 10, "num_statements": 10, "percent_covered": 100.0, "percent_covered_display": "100", "missing_lines": 0, "excluded_lines": 0}, "missing_lines": [], "excluded_lines": []}, "QCDVRPBenchmarkResult.compute_metrics": {"executed_lines": [94, 97, 98, 100, 101, 104, 105, 107, 108, 110, 111], "summary": {"covered_lines": 11, "num_statements": 11, "percent_covered": 100.0, "percent_covered_display": "100", "missing_lines": 0, "excluded_lines": 0}, "missing_lines": [], "excluded_lines": []}, "QCDVRPBenchmarkResult.to_dict": {"executed_lines": [], "summary": {"covered_lines": 0, "num_statements": 4, "percent_covered": 0.0, "percent_covered_display": "0", "missing_lines": 4, "excluded_lines": 0}, "missing_lines": [115, 118, 129, 137], "excluded_lines": []}, "run_qc_dvrp_benchmark": {"executed_lines": [172, 174, 176, 177, 184, 187, 190, 194, 195, 196, 198, 199, 202, 209, 215, 218, 219, 220, 221, 226, 227, 228, 229, 232, 233, 234, 237, 238, 239, 242, 244, 246, 247, 261, 264, 267, 272, 277, 281, 282, 285, 286, 287, 291, 292, 295, 298, 302], "summary": {"covered_lines": 48, "num_statements": 66, "percent_covered": 72.72727272727273, "percent_covered_display": "73", "missing_lines": 18, "excluded_lines": 0}, "missing_lines": [179, 180, 181, 182, 188, 210, 211, 212, 213, 248, 250, 251, 252, 253, 254, 257, 258, 278], "excluded_lines": []}, "create_qc_dvrp_summary_dataframe": {"executed_lines": [307, 309, 310, 313, 323, 324, 335, 339, 340, 341, 342, 343, 345, 346, 347, 348, 349, 350, 352, 354], "summary": {"covered_lines": 20, "num_statements": 21, "percent_covered": 95.23809523809524, "percent_covered_display": "95", "missing_lines": 1, "excluded_lines": 0}, "missing_lines": [336], "excluded_lines": []}, "": {"executed_lines": [1, 10, 11, 12, 13, 14, 15, 16, 18, 23, 30, 32, 35, 36, 50, 51, 53, 75, 92, 113, 140, 305], "summary": {"covered_lines": 20, "num_statements": 20, "percent_covered": 100.0, "percent_covered_display": "100", "missing_lines": 0, "excluded_lines": 0}, "missing_lines": [], "excluded_lines": []}}, "classes": {"QCDVRPBenchmarkResult": {"executed_lines": [54, 57, 58, 59, 60, 63, 64, 65, 66, 69, 70, 71, 72, 73, 79, 81, 82, 83, 84, 86, 87, 88, 89, 90, 94, 97, 98, 100, 101, 104, 105, 107, 108, 110, 111], "summary": {"covered_lines": 35, "num_statements": 39, "percent_covered": 89.74358974358974, "percent_covered_display": "90", "missing_lines": 4, "excluded_lines": 0}, "missing_lines": [115, 118, 129, 137], "excluded_lines": []}, "": {"executed_lines": [1, 10, 11, 12, 13, 14, 15, 16, 18, 23, 30, 32, 35, 36, 50, 51, 53, 75, 92, 113, 140, 172, 174, 176, 177, 184, 187, 190, 194, 195, 196, 198, 199, 202, 209, 215, 218, 219, 220, 221, 226, 227, 228, 229, 232, 233, 234, 237, 238, 239, 242, 244, 246, 247, 261, 264, 267, 272, 277, 281, 282, 285, 286, 287, 291, 292, 295, 298, 302, 305, 307, 309, 310, 313, 323, 324, 335, 339, 340, 341, 342, 343, 345, 346, 347, 348, 349, 350, 352, 354], "summary": {"covered_lines": 88, "num_statements": 107, "percent_covered": 82.24299065420561, "percent_covered_display": "82", "missing_lines": 19, "excluded_lines": 0}, "missing_lines": [179, 180, 181, 182, 188, 210, 211, 212, 213, 248, 250, 251, 252, 253, 254, 257, 258, 278, 336], "excluded_lines": []}}}, "utils/train_il.py": {"executed_lines": [], "summary": {"covered_lines": 0, "num_statements": 82, "percent_covered": 0.0, "percent_covered_display": "0", "missing_lines": 82, "excluded_lines": 2}, "missing_lines": [12, 13, 14, 15, 17, 18, 19, 20, 23, 25, 28, 30, 32, 34, 35, 37, 38, 39, 40, 41, 43, 44, 45, 47, 50, 52, 54, 56, 58, 65, 68, 69, 70, 73, 74, 75, 76, 78, 81, 82, 83, 89, 92, 93, 96, 99, 106, 108, 109, 110, 111, 112, 113, 116, 117, 118, 119, 122, 123, 125, 128, 129, 131, 139, 140, 142, 145, 146, 147, 150, 151, 154, 155, 156, 157, 159, 162, 163, 186, 187, 190, 192], "excluded_lines": [195, 196], "functions": {"plot_training_history": {"executed_lines": [], "summary": {"covered_lines": 0, "num_statements": 13, "percent_covered": 0.0, "percent_covered_display": "0", "missing_lines": 13, "excluded_lines": 0}, "missing_lines": [30, 32, 34, 35, 37, 38, 39, 40, 41, 43, 44, 45, 47], "excluded_lines": []}, "analyze_predictions": {"executed_lines": [], "summary": {"covered_lines": 0, "num_statements": 13, "percent_covered": 0.0, "percent_covered_display": "0", "missing_lines": 13, "excluded_lines": 0}, "missing_lines": [52, 54, 56, 58, 65, 68, 69, 70, 73, 74, 75, 76, 78], "excluded_lines": []}, "main": {"executed_lines": [], "summary": {"covered_lines": 0, "num_statements": 43, "percent_covered": 0.0, "percent_covered_display": "0", "missing_lines": 43, "excluded_lines": 0}, "missing_lines": [82, 83, 89, 92, 93, 96, 99, 106, 108, 109, 110, 111, 112, 113, 116, 117, 118, 119, 122, 123, 125, 128, 129, 131, 139, 140, 142, 145, 146, 147, 150, 151, 154, 155, 156, 157, 159, 162, 163, 186, 187, 190, 192], "excluded_lines": []}, "": {"executed_lines": [], "summary": {"covered_lines": 0, "num_statements": 13, "percent_covered": 0.0, "percent_covered_display": "0", "missing_lines": 13, "excluded_lines": 2}, "missing_lines": [12, 13, 14, 15, 17, 18, 19, 20, 23, 25, 28, 50, 81], "excluded_lines": [195, 196]}}, "classes": {"": {"executed_lines": [], "summary": {"covered_lines": 0, "num_statements": 82, "percent_covered": 0.0, "percent_covered_display": "0", "missing_lines": 82, "excluded_lines": 2}, "missing_lines": [12, 13, 14, 15, 17, 18, 19, 20, 23, 25, 28, 30, 32, 34, 35, 37, 38, 39, 40, 41, 43, 44, 45, 47, 50, 52, 54, 56, 58, 65, 68, 69, 70, 73, 74, 75, 76, 78, 81, 82, 83, 89, 92, 93, 96, 99, 106, 108, 109, 110, 111, 112, 113, 116, 117, 118, 119, 122, 123, 125, 128, 129, 131, 139, 140, 142, 145, 146, 147, 150, 151, 154, 155, 156, 157, 159, 162, 163, 186, 187, 190, 192], "excluded_lines": [195, 196]}}}, "utils/visualization.py": {"executed_lines": [1, 2, 3, 4, 7, 16, 19, 20, 23, 26, 27, 30, 33, 34, 35, 37, 38, 41, 42, 44, 45, 47, 49, 50, 51, 52, 54, 57, 65, 67, 68, 70, 71, 73, 75, 76, 77, 78, 80, 83, 91, 93, 94, 95, 97, 98, 100, 102, 103, 104, 105, 106, 108], "summary": {"covered_lines": 53, "num_statements": 53, "percent_covered": 100.0, "percent_covered_display": "100", "missing_lines": 0, "excluded_lines": 0}, "missing_lines": [], "excluded_lines": [], "functions": {"plot_vrp_solution": {"executed_lines": [16, 19, 20, 23, 26, 27, 30, 33, 34, 35, 37, 38, 41, 42, 44, 45, 47, 49, 50, 51, 52, 54], "summary": {"covered_lines": 22, "num_statements": 22, "percent_covered": 100.0, "percent_covered_display": "100", "missing_lines": 0, "excluded_lines": 0}, "missing_lines": [], "excluded_lines": []}, "plot_convergence": {"executed_lines": [65, 67, 68, 70, 71, 73, 75, 76, 77, 78, 80], "summary": {"covered_lines": 11, "num_statements": 11, "percent_covered": 100.0, "percent_covered_display": "100", "missing_lines": 0, "excluded_lines": 0}, "missing_lines": [], "excluded_lines": []}, "compare_algorithms": {"executed_lines": [91, 93, 94, 95, 97, 98, 100, 102, 103, 104, 105, 106, 108], "summary": {"covered_lines": 13, "num_statements": 13, "percent_covered": 100.0, "percent_covered_display": "100", "missing_lines": 0, "excluded_lines": 0}, "missing_lines": [], "excluded_lines": []}, "": {"executed_lines": [1, 2, 3, 4, 7, 57, 83], "summary": {"covered_lines": 7, "num_statements": 7, "percent_covered": 100.0, "percent_covered_display": "100", "missing_lines": 0, "excluded_lines": 0}, "missing_lines": [], "excluded_lines": []}}, "classes": {"": {"executed_lines": [1, 2, 3, 4, 7, 16, 19, 20, 23, 26, 27, 30, 33, 34, 35, 37, 38, 41, 42, 44, 45, 47, 49, 50, 51, 52, 54, 57, 65, 67, 68, 70, 71, 73, 75, 76, 77, 78, 80, 83, 91, 93, 94, 95, 97, 98, 100, 102, 103, 104, 105, 106, 108], "summary": {"covered_lines": 53, "num_statements": 53, "percent_covered": 100.0, "percent_covered_display": "100", "missing_lines": 0, "excluded_lines": 0}, "missing_lines": [], "excluded_lines": []}}}, "utils/vrp_operators.py": {"executed_lines": [1, 2, 3, 4, 5, 6, 7, 8, 9, 12, 13, 15, 16, 27, 28, 29, 30, 32, 33, 44, 45, 46, 47, 49, 50, 62, 66, 78, 79, 80, 82, 85, 96, 97, 98, 99, 102, 115, 116, 119, 120, 123, 126, 127, 128, 129, 132, 134, 135, 138, 139, 142, 143, 148, 149, 157, 158, 159, 161, 164, 165, 168, 169, 170, 171, 172, 173, 174, 175, 176, 178], "summary": {"covered_lines": 70, "num_statements": 70, "percent_covered": 100.0, "percent_covered_display": "100", "missing_lines": 0, "excluded_lines": 0}, "missing_lines": [], "excluded_lines": [], "functions": {"VRPOperators.calculate_route_distance": {"executed_lines": [27, 28, 29, 30], "summary": {"covered_lines": 4, "num_statements": 4, "percent_covered": 100.0, "percent_covered_display": "100", "missing_lines": 0, "excluded_lines": 0}, "missing_lines": [], "excluded_lines": []}, "VRPOperators.calculate_route_load": {"executed_lines": [44, 45, 46, 47], "summary": {"covered_lines": 4, "num_statements": 4, "percent_covered": 100.0, "percent_covered_display": "100", "missing_lines": 0, "excluded_lines": 0}, "missing_lines": [], "excluded_lines": []}, "VRPOperators.check_route_capacity": {"executed_lines": [62], "summary": {"covered_lines": 1, "num_statements": 1, "percent_covered": 100.0, "percent_covered_display": "100", "missing_lines": 0, "excluded_lines": 0}, "missing_lines": [], "excluded_lines": []}, "check_route_capacity": {"executed_lines": [78, 79, 80, 82], "summary": {"covered_lines": 4, "num_statements": 4, "percent_covered": 100.0, "percent_covered_display": "100", "missing_lines": 0, "excluded_lines": 0}, "missing_lines": [], "excluded_lines": []}, "calculate_route_distance": {"executed_lines": [96, 97, 98, 99], "summary": {"covered_lines": 4, "num_statements": 4, "percent_covered": 100.0, "percent_covered_display": "100", "missing_lines": 0, "excluded_lines": 0}, "missing_lines": [], "excluded_lines": []}, "split_vrp": {"executed_lines": [115, 116, 119, 120, 123, 126, 127, 128, 129, 132, 134, 135, 138, 139, 142, 143, 148, 149, 157, 158, 159, 161, 164, 165, 168, 169, 170, 171, 172, 173, 174, 175, 176, 178], "summary": {"covered_lines": 34, "num_statements": 34, "percent_covered": 100.0, "percent_covered_display": "100", "missing_lines": 0, "excluded_lines": 0}, "missing_lines": [], "excluded_lines": []}, "": {"executed_lines": [1, 2, 3, 4, 5, 6, 7, 8, 9, 12, 13, 15, 16, 32, 33, 49, 50, 66, 85, 102], "summary": {"covered_lines": 19, "num_statements": 19, "percent_covered": 100.0, "percent_covered_display": "100", "missing_lines": 0, "excluded_lines": 0}, "missing_lines": [], "excluded_lines": []}}, "classes": {"VRPOperators": {"executed_lines": [27, 28, 29, 30, 44, 45, 46, 47, 62], "summary": {"covered_lines": 9, "num_statements": 9, "percent_covered": 100.0, "percent_covered_display": "100", "missing_lines": 0, "excluded_lines": 0}, "missing_lines": [], "excluded_lines": []}, "": {"executed_lines": [1, 2, 3, 4, 5, 6, 7, 8, 9, 12, 13, 15, 16, 32, 33, 49, 50, 66, 78, 79, 80, 82, 85, 96, 97, 98, 99, 102, 115, 116, 119, 120, 123, 126, 127, 128, 129, 132, 134, 135, 138, 139, 142, 143, 148, 149, 157, 158, 159, 161, 164, 165, 168, 169, 170, 171, 172, 173, 174, 175, 176, 178], "summary": {"covered_lines": 61, "num_statements": 61, "percent_covered": 100.0, "percent_covered_display": "100", "missing_lines": 0, "excluded_lines": 0}, "missing_lines": [], "excluded_lines": []}}}}, "totals": {"covered_lines": 2633, "num_statements": 3310, "percent_covered": 79.54682779456193, "percent_covered_display": "80", "missing_lines": 677, "excluded_lines": 16}}
